[ 2016-08-02T08:53:38+08:00 ] ::1 /pushServer/
INFO: [ app_init ] --START--
INFO: Run Behavior\BuildLiteBehavior [ RunTime:0.000000s ]
INFO: [ app_init ] --END-- [ RunTime:0.038002s ]
INFO: [ app_begin ] --START--
INFO: Run Behavior\ReadHtmlCacheBehavior [ RunTime:0.031002s ]
INFO: [ app_begin ] --END-- [ RunTime:0.031002s ]
INFO: [ view_parse ] --START--
INFO: [ template_filter ] --START--
INFO: Run Behavior\ContentReplaceBehavior [ RunTime:0.001000s ]
INFO: [ template_filter ] --END-- [ RunTime:0.001000s ]
INFO: Run Behavior\ParseTemplateBehavior [ RunTime:0.085004s ]
INFO: [ view_parse ] --END-- [ RunTime:0.085004s ]
INFO: [ view_filter ] --START--
INFO: Run Behavior\WriteHtmlCacheBehavior [ RunTime:0.005001s ]
INFO: [ view_filter ] --END-- [ RunTime:0.005001s ]
INFO: [ app_end ] --START--
INFO: Run Behavior\ShowPageTraceBehavior [ RunTime:0.008000s ]
INFO: [ app_end ] --END-- [ RunTime:0.008000s ]

[ 2016-08-02T08:55:27+08:00 ] ::1 /pushServer/index.php/Home/Index/checkid
INFO: [ app_init ] --START--
INFO: Run Behavior\BuildLiteBehavior [ RunTime:0.000000s ]
INFO: [ app_init ] --END-- [ RunTime:0.000000s ]
INFO: [ app_begin ] --START--
INFO: Run Behavior\ReadHtmlCacheBehavior [ RunTime:0.000000s ]
INFO: [ app_begin ] --END-- [ RunTime:0.000000s ]
SQL: SHOW COLUMNS FROM `km_user` [ RunTime:0.0000s ]
SQL: SELECT * FROM `km_user` WHERE ( Username='123' and PassWord='202cb962ac59075b964b07152d234b70' ) LIMIT 1   [ RunTime:0.0312s ]
INFO: [ app_end ] --START--
INFO: Run Behavior\ShowPageTraceBehavior [ RunTime:0.000000s ]
INFO: [ app_end ] --END-- [ RunTime:0.000000s ]

[ 2016-08-02T08:55:27+08:00 ] ::1 /pushServer/index.php/Home/Index/info
INFO: [ app_init ] --START--
INFO: Run Behavior\BuildLiteBehavior [ RunTime:0.000000s ]
INFO: [ app_init ] --END-- [ RunTime:0.000000s ]
INFO: [ app_begin ] --START--
INFO: Run Behavior\ReadHtmlCacheBehavior [ RunTime:0.000000s ]
INFO: [ app_begin ] --END-- [ RunTime:0.000000s ]
INFO: [ view_parse ] --START--
INFO: [ template_filter ] --START--
INFO: Run Behavior\ContentReplaceBehavior [ RunTime:0.000000s ]
INFO: [ template_filter ] --END-- [ RunTime:0.000000s ]
INFO: Run Behavior\ParseTemplateBehavior [ RunTime:0.038601s ]
INFO: [ view_parse ] --END-- [ RunTime:0.038601s ]
INFO: [ view_filter ] --START--
INFO: Run Behavior\WriteHtmlCacheBehavior [ RunTime:0.000000s ]
INFO: [ view_filter ] --END-- [ RunTime:0.000000s ]
INFO: [ app_end ] --START--
INFO: Run Behavior\ShowPageTraceBehavior [ RunTime:0.001000s ]
INFO: [ app_end ] --END-- [ RunTime:0.001000s ]

[ 2016-08-02T08:55:42+08:00 ] ::1 /pushServer/index.php/Home/Index/checkid
INFO: [ app_init ] --START--
INFO: Run Behavior\BuildLiteBehavior [ RunTime:0.000000s ]
INFO: [ app_init ] --END-- [ RunTime:0.015600s ]
INFO: [ app_begin ] --START--
INFO: Run Behavior\ReadHtmlCacheBehavior [ RunTime:0.000000s ]
INFO: [ app_begin ] --END-- [ RunTime:0.000000s ]
SQL: SHOW COLUMNS FROM `km_user` [ RunTime:0.0000s ]
SQL: SELECT * FROM `km_user` WHERE ( Username='123' and PassWord='202cb962ac59075b964b07152d234b70' ) LIMIT 1   [ RunTime:0.0000s ]
INFO: [ app_end ] --START--
INFO: Run Behavior\ShowPageTraceBehavior [ RunTime:0.000000s ]
INFO: [ app_end ] --END-- [ RunTime:0.000000s ]

[ 2016-08-02T08:55:42+08:00 ] ::1 /pushServer/index.php/Home/Index/info
INFO: [ app_init ] --START--
INFO: Run Behavior\BuildLiteBehavior [ RunTime:0.000000s ]
INFO: [ app_init ] --END-- [ RunTime:0.000000s ]
INFO: [ app_begin ] --START--
INFO: Run Behavior\ReadHtmlCacheBehavior [ RunTime:0.000000s ]
INFO: [ app_begin ] --END-- [ RunTime:0.000000s ]
INFO: [ view_parse ] --START--
INFO: [ template_filter ] --START--
INFO: Run Behavior\ContentReplaceBehavior [ RunTime:0.000000s ]
INFO: [ template_filter ] --END-- [ RunTime:0.000000s ]
INFO: Run Behavior\ParseTemplateBehavior [ RunTime:0.000000s ]
INFO: [ view_parse ] --END-- [ RunTime:0.000000s ]
INFO: [ view_filter ] --START--
INFO: Run Behavior\WriteHtmlCacheBehavior [ RunTime:0.000000s ]
INFO: [ view_filter ] --END-- [ RunTime:0.000000s ]
INFO: [ app_end ] --START--
INFO: Run Behavior\ShowPageTraceBehavior [ RunTime:0.000000s ]
INFO: [ app_end ] --END-- [ RunTime:0.000000s ]

[ 2016-08-02T08:55:44+08:00 ] ::1 /pushServer/index.php/Home/GetInfo/getALLPushNum
INFO: [ app_init ] --START--
INFO: Run Behavior\BuildLiteBehavior [ RunTime:0.000000s ]
INFO: [ app_init ] --END-- [ RunTime:0.001000s ]
INFO: [ app_begin ] --START--
INFO: Run Behavior\ReadHtmlCacheBehavior [ RunTime:0.000000s ]
INFO: [ app_begin ] --END-- [ RunTime:0.001000s ]
SQL: SHOW COLUMNS FROM `km_push_mo` [ RunTime:0.0050s ]
SQL: SELECT * FROM `km_push_mo` WHERE ( ''<= date AND flat = 'JAVA' )  [ RunTime:0.0340s ]
SQL: SELECT * FROM `km_push_mo` WHERE ( ''<= date AND flat = 'kmbackground' )  [ RunTime:0.0030s ]
SQL: SELECT * FROM `km_push_mo` WHERE ( ''<= date AND flat = 'kmgate' )  [ RunTime:0.0030s ]
SQL: SELECT * FROM `km_push_mo` WHERE ( ''<= date AND flat = 'kmhttpapi' )  [ RunTime:0.0030s ]
SQL: SELECT * FROM `km_push_mo` WHERE ( ''<= date AND flat = 'kmcompany' )  [ RunTime:0.0030s ]
SQL: SELECT * FROM `km_push_mo` WHERE ( ''<= date AND flat = 'Mozilla' )  [ RunTime:0.0030s ]
SQL: SHOW COLUMNS FROM `km_push_num` [ RunTime:0.0040s ]
SQL: SELECT * FROM `km_push_num` WHERE ( ''<=date )  [ RunTime:0.0040s ]
INFO: [ app_end ] --START--
INFO: Run Behavior\ShowPageTraceBehavior [ RunTime:0.002000s ]
INFO: [ app_end ] --END-- [ RunTime:0.002000s ]

[ 2016-08-02T08:55:44+08:00 ] ::1 /pushServer/index.php/Home/GetInfo/getPushMo
INFO: [ app_init ] --START--
INFO: Run Behavior\BuildLiteBehavior [ RunTime:0.000000s ]
INFO: [ app_init ] --END-- [ RunTime:0.000000s ]
INFO: [ app_begin ] --START--
INFO: Run Behavior\ReadHtmlCacheBehavior [ RunTime:0.000000s ]
INFO: [ app_begin ] --END-- [ RunTime:0.000000s ]
SQL: SHOW COLUMNS FROM `km_push_mo` [ RunTime:0.0050s ]
SQL: SELECT `flat`,sum(pushnum) as num FROM `km_push_mo` WHERE ( ''<=date ) GROUP BY flat  [ RunTime:0.0030s ]
INFO: [ app_end ] --START--
INFO: Run Behavior\ShowPageTraceBehavior [ RunTime:0.001001s ]
INFO: [ app_end ] --END-- [ RunTime:0.001001s ]

[ 2016-08-02T08:55:45+08:00 ] ::1 /pushServer/index.php/Home/GetInfo/getTableInfo
INFO: [ app_init ] --START--
INFO: Run Behavior\BuildLiteBehavior [ RunTime:0.000000s ]
INFO: [ app_init ] --END-- [ RunTime:0.000000s ]
INFO: [ app_begin ] --START--
INFO: Run Behavior\ReadHtmlCacheBehavior [ RunTime:0.001000s ]
INFO: [ app_begin ] --END-- [ RunTime:0.001000s ]
SQL: SHOW COLUMNS FROM `km_all_info` [ RunTime:0.0050s ]
SQL: SELECT * FROM `km_all_info` WHERE ( ''<=pushTime ) LIMIT 0,10   [ RunTime:0.0020s ]
SQL: SELECT COUNT(*) AS tp_count FROM `km_all_info` WHERE ( ''<=pushTime ) LIMIT 1   [ RunTime:0.5340s ]
INFO: [ app_end ] --START--
INFO: Run Behavior\ShowPageTraceBehavior [ RunTime:0.001001s ]
INFO: [ app_end ] --END-- [ RunTime:0.001001s ]

[ 2016-08-02T08:55:45+08:00 ] ::1 /pushServer/index.php/Home/GetInfo/getPushTime
INFO: [ app_init ] --START--
INFO: Run Behavior\BuildLiteBehavior [ RunTime:0.000000s ]
INFO: [ app_init ] --END-- [ RunTime:0.001000s ]
INFO: [ app_begin ] --START--
INFO: Run Behavior\ReadHtmlCacheBehavior [ RunTime:0.001000s ]
INFO: [ app_begin ] --END-- [ RunTime:0.001000s ]
SQL: SHOW COLUMNS FROM `km_push_time` [ RunTime:0.0050s ]
SQL: SELECT sum(from0to1) as a,sum(from1to5) as b,sum(from5to10) as c,sum(from10to30) as d,sum(from30to60) as e,sum(than60) as f,sum(noanswer) as g FROM `km_push_time` WHERE ( ''<=date )  [ RunTime:0.0030s ]
INFO: [ app_end ] --START--
INFO: Run Behavior\ShowPageTraceBehavior [ RunTime:0.001000s ]
INFO: [ app_end ] --END-- [ RunTime:0.001000s ]

[ 2016-08-02T08:55:51+08:00 ] ::1 /pushServer/index.php/Home/GetInfo/getHotPoin
INFO: [ app_init ] --START--
INFO: Run Behavior\BuildLiteBehavior [ RunTime:0.000000s ]
INFO: [ app_init ] --END-- [ RunTime:0.001000s ]
INFO: [ app_begin ] --START--
INFO: Run Behavior\ReadHtmlCacheBehavior [ RunTime:0.001000s ]
INFO: [ app_begin ] --END-- [ RunTime:0.001000s ]
SQL: SHOW COLUMNS FROM `km_hot_poin` [ RunTime:0.0050s ]
SQL: select city,sum(hotNum) as hotNum from (SELECT city,sum(hotNum) as hotNum,date FROM km_hot_poin group by city,date) a where date>='' group by city [ RunTime:5.7773s ]
INFO: [ app_end ] --START--
INFO: Run Behavior\ShowPageTraceBehavior [ RunTime:0.001000s ]
INFO: [ app_end ] --END-- [ RunTime:0.001000s ]

[ 2016-08-02T08:55:53+08:00 ] ::1 /pushServer/index.php/Home/CompanyInfo/getInfo?companyid=00116
INFO: [ app_init ] --START--
INFO: Run Behavior\BuildLiteBehavior [ RunTime:0.000000s ]
INFO: [ app_init ] --END-- [ RunTime:0.000000s ]
INFO: [ app_begin ] --START--
INFO: Run Behavior\ReadHtmlCacheBehavior [ RunTime:0.001000s ]
INFO: [ app_begin ] --END-- [ RunTime:0.001000s ]
SQL: SHOW COLUMNS FROM `km_tbl_mqlog` [ RunTime:0.0050s ]
SQL: SELECT companycode,convert(CreateTime,date) as date,max(TIMESTAMPDIFF(SECOND,CreateTime,ReceiveTime)) as max,min(TIMESTAMPDIFF(SECOND,CreateTime,ReceiveTime)) as min,avg(TIMESTAMPDIFF(SECOND,CreateTime,ReceiveTime)) as avg FROM kmgate.km_tbl_mqlog where companycode='00116' group by convert(CreateTime,date); [ RunTime:0.7540s ]
INFO: [ view_parse ] --START--
INFO: [ template_filter ] --START--
INFO: Run Behavior\ContentReplaceBehavior [ RunTime:0.000000s ]
INFO: [ template_filter ] --END-- [ RunTime:0.000000s ]
INFO: Run Behavior\ParseTemplateBehavior [ RunTime:0.011000s ]
INFO: [ view_parse ] --END-- [ RunTime:0.012000s ]
INFO: [ view_filter ] --START--
INFO: Run Behavior\WriteHtmlCacheBehavior [ RunTime:0.000000s ]
INFO: [ view_filter ] --END-- [ RunTime:0.000000s ]
INFO: [ app_end ] --START--
INFO: Run Behavior\ShowPageTraceBehavior [ RunTime:0.001000s ]
INFO: [ app_end ] --END-- [ RunTime:0.001000s ]

[ 2016-08-02T09:02:52+08:00 ] ::1 /pushServer/index.php/Home/GetInfo/getALLPushNum
INFO: [ app_init ] --START--
INFO: Run Behavior\BuildLiteBehavior [ RunTime:0.000000s ]
INFO: [ app_init ] --END-- [ RunTime:0.001000s ]
INFO: [ app_begin ] --START--
INFO: Run Behavior\ReadHtmlCacheBehavior [ RunTime:0.001000s ]
INFO: [ app_begin ] --END-- [ RunTime:0.001000s ]
SQL: SHOW COLUMNS FROM `km_push_mo` [ RunTime:0.0060s ]
SQL: SELECT * FROM `km_push_mo` WHERE ( ''<= date AND flat = 'JAVA' )  [ RunTime:0.0020s ]
SQL: SELECT * FROM `km_push_mo` WHERE ( ''<= date AND flat = 'kmbackground' )  [ RunTime:0.0030s ]
SQL: SELECT * FROM `km_push_mo` WHERE ( ''<= date AND flat = 'kmgate' )  [ RunTime:0.0020s ]
SQL: SELECT * FROM `km_push_mo` WHERE ( ''<= date AND flat = 'kmhttpapi' )  [ RunTime:0.0020s ]
SQL: SELECT * FROM `km_push_mo` WHERE ( ''<= date AND flat = 'kmcompany' )  [ RunTime:0.0020s ]
SQL: SELECT * FROM `km_push_mo` WHERE ( ''<= date AND flat = 'Mozilla' )  [ RunTime:0.0010s ]
SQL: SHOW COLUMNS FROM `km_push_num` [ RunTime:0.0050s ]
SQL: SELECT * FROM `km_push_num` WHERE ( ''<=date )  [ RunTime:0.0010s ]
INFO: [ app_end ] --START--
INFO: Run Behavior\ShowPageTraceBehavior [ RunTime:0.000000s ]
INFO: [ app_end ] --END-- [ RunTime:0.000000s ]

[ 2016-08-02T09:02:52+08:00 ] ::1 /pushServer/index.php/Home/GetInfo/getTableInfo
INFO: [ app_init ] --START--
INFO: Run Behavior\BuildLiteBehavior [ RunTime:0.000000s ]
INFO: [ app_init ] --END-- [ RunTime:0.000000s ]
INFO: [ app_begin ] --START--
INFO: Run Behavior\ReadHtmlCacheBehavior [ RunTime:0.000000s ]
INFO: [ app_begin ] --END-- [ RunTime:0.000000s ]
SQL: SHOW COLUMNS FROM `km_all_info` [ RunTime:0.0050s ]
SQL: SELECT * FROM `km_all_info` WHERE ( ''<=pushTime ) LIMIT 0,10   [ RunTime:0.0020s ]
SQL: SELECT COUNT(*) AS tp_count FROM `km_all_info` WHERE ( ''<=pushTime ) LIMIT 1   [ RunTime:0.0010s ]
INFO: [ app_end ] --START--
INFO: Run Behavior\ShowPageTraceBehavior [ RunTime:0.001000s ]
INFO: [ app_end ] --END-- [ RunTime:0.001000s ]

[ 2016-08-02T09:02:52+08:00 ] ::1 /pushServer/index.php/Home/GetInfo/getPushMo
INFO: [ app_init ] --START--
INFO: Run Behavior\BuildLiteBehavior [ RunTime:0.000000s ]
INFO: [ app_init ] --END-- [ RunTime:0.001000s ]
INFO: [ app_begin ] --START--
INFO: Run Behavior\ReadHtmlCacheBehavior [ RunTime:0.001000s ]
INFO: [ app_begin ] --END-- [ RunTime:0.001000s ]
SQL: SHOW COLUMNS FROM `km_push_mo` [ RunTime:0.0050s ]
SQL: SELECT `flat`,sum(pushnum) as num FROM `km_push_mo` WHERE ( ''<=date ) GROUP BY flat  [ RunTime:0.0020s ]
INFO: [ app_end ] --START--
INFO: Run Behavior\ShowPageTraceBehavior [ RunTime:0.000000s ]
INFO: [ app_end ] --END-- [ RunTime:0.000000s ]

[ 2016-08-02T09:02:52+08:00 ] ::1 /pushServer/index.php/Home/GetInfo/getHotPoin
INFO: [ app_init ] --START--
INFO: Run Behavior\BuildLiteBehavior [ RunTime:0.000000s ]
INFO: [ app_init ] --END-- [ RunTime:0.001000s ]
INFO: [ app_begin ] --START--
INFO: Run Behavior\ReadHtmlCacheBehavior [ RunTime:0.000000s ]
INFO: [ app_begin ] --END-- [ RunTime:0.000000s ]
SQL: SHOW COLUMNS FROM `km_hot_poin` [ RunTime:0.0050s ]
SQL: select city,sum(hotNum) as hotNum from (SELECT city,sum(hotNum) as hotNum,date FROM km_hot_poin group by city,date) a where date>='' group by city [ RunTime:0.0030s ]
INFO: [ app_end ] --START--
INFO: Run Behavior\ShowPageTraceBehavior [ RunTime:0.000000s ]
INFO: [ app_end ] --END-- [ RunTime:0.001000s ]

[ 2016-08-02T09:02:52+08:00 ] ::1 /pushServer/index.php/Home/GetInfo/getPushTime
INFO: [ app_init ] --START--
INFO: Run Behavior\BuildLiteBehavior [ RunTime:0.000000s ]
INFO: [ app_init ] --END-- [ RunTime:0.001000s ]
INFO: [ app_begin ] --START--
INFO: Run Behavior\ReadHtmlCacheBehavior [ RunTime:0.001000s ]
INFO: [ app_begin ] --END-- [ RunTime:0.001000s ]
SQL: SHOW COLUMNS FROM `km_push_time` [ RunTime:0.0050s ]
SQL: SELECT sum(from0to1) as a,sum(from1to5) as b,sum(from5to10) as c,sum(from10to30) as d,sum(from30to60) as e,sum(than60) as f,sum(noanswer) as g FROM `km_push_time` WHERE ( ''<=date )  [ RunTime:0.0020s ]
INFO: [ app_end ] --START--
INFO: Run Behavior\ShowPageTraceBehavior [ RunTime:0.000000s ]
INFO: [ app_end ] --END-- [ RunTime:0.000000s ]

[ 2016-08-02T09:10:55+08:00 ] ::1 /pushServer/index.php/Home/GetInfo/getTableInfo
INFO: [ app_init ] --START--
INFO: Run Behavior\BuildLiteBehavior [ RunTime:0.000000s ]
INFO: [ app_init ] --END-- [ RunTime:0.000000s ]
INFO: [ app_begin ] --START--
INFO: Run Behavior\ReadHtmlCacheBehavior [ RunTime:0.001000s ]
INFO: [ app_begin ] --END-- [ RunTime:0.001000s ]
SQL: SHOW COLUMNS FROM `km_all_info` [ RunTime:0.0050s ]
SQL: SELECT * FROM `km_all_info` WHERE ( ''<=pushTime ) LIMIT 10,10   [ RunTime:0.0020s ]
SQL: SELECT COUNT(*) AS tp_count FROM `km_all_info` WHERE ( ''<=pushTime ) LIMIT 1   [ RunTime:0.0020s ]
INFO: [ app_end ] --START--
INFO: Run Behavior\ShowPageTraceBehavior [ RunTime:0.000000s ]
INFO: [ app_end ] --END-- [ RunTime:0.000000s ]

[ 2016-08-02T09:10:56+08:00 ] ::1 /pushServer/index.php/Home/GetInfo/getTableInfo
INFO: [ app_init ] --START--
INFO: Run Behavior\BuildLiteBehavior [ RunTime:0.000000s ]
INFO: [ app_init ] --END-- [ RunTime:0.000000s ]
INFO: [ app_begin ] --START--
INFO: Run Behavior\ReadHtmlCacheBehavior [ RunTime:0.000000s ]
INFO: [ app_begin ] --END-- [ RunTime:0.000000s ]
SQL: SHOW COLUMNS FROM `km_all_info` [ RunTime:0.0050s ]
SQL: SELECT * FROM `km_all_info` WHERE ( ''<=pushTime ) LIMIT 20,10   [ RunTime:0.0020s ]
SQL: SELECT COUNT(*) AS tp_count FROM `km_all_info` WHERE ( ''<=pushTime ) LIMIT 1   [ RunTime:0.0010s ]
INFO: [ app_end ] --START--
INFO: Run Behavior\ShowPageTraceBehavior [ RunTime:0.000000s ]
INFO: [ app_end ] --END-- [ RunTime:0.000000s ]

[ 2016-08-02T09:10:58+08:00 ] ::1 /pushServer/index.php/Home/GetInfo/getTableInfo
INFO: [ app_init ] --START--
INFO: Run Behavior\BuildLiteBehavior [ RunTime:0.001000s ]
INFO: [ app_init ] --END-- [ RunTime:0.001000s ]
INFO: [ app_begin ] --START--
INFO: Run Behavior\ReadHtmlCacheBehavior [ RunTime:0.001000s ]
INFO: [ app_begin ] --END-- [ RunTime:0.001000s ]
SQL: SHOW COLUMNS FROM `km_all_info` [ RunTime:0.0050s ]
SQL: SELECT * FROM `km_all_info` WHERE ( ''<=pushTime ) LIMIT 30,10   [ RunTime:0.0020s ]
SQL: SELECT COUNT(*) AS tp_count FROM `km_all_info` WHERE ( ''<=pushTime ) LIMIT 1   [ RunTime:0.0010s ]
INFO: [ app_end ] --START--
INFO: Run Behavior\ShowPageTraceBehavior [ RunTime:0.001000s ]
INFO: [ app_end ] --END-- [ RunTime:0.001000s ]

[ 2016-08-02T09:10:58+08:00 ] ::1 /pushServer/index.php/Home/GetInfo/getTableInfo
INFO: [ app_init ] --START--
INFO: Run Behavior\BuildLiteBehavior [ RunTime:0.000000s ]
INFO: [ app_init ] --END-- [ RunTime:0.001000s ]
INFO: [ app_begin ] --START--
INFO: Run Behavior\ReadHtmlCacheBehavior [ RunTime:0.000000s ]
INFO: [ app_begin ] --END-- [ RunTime:0.001000s ]
SQL: SHOW COLUMNS FROM `km_all_info` [ RunTime:0.0060s ]
SQL: SELECT * FROM `km_all_info` WHERE ( ''<=pushTime ) LIMIT 40,10   [ RunTime:0.0020s ]
SQL: SELECT COUNT(*) AS tp_count FROM `km_all_info` WHERE ( ''<=pushTime ) LIMIT 1   [ RunTime:0.0010s ]
INFO: [ app_end ] --START--
INFO: Run Behavior\ShowPageTraceBehavior [ RunTime:0.001000s ]
INFO: [ app_end ] --END-- [ RunTime:0.001000s ]

[ 2016-08-02T09:10:59+08:00 ] ::1 /pushServer/index.php/Home/GetInfo/getTableInfo
INFO: [ app_init ] --START--
INFO: Run Behavior\BuildLiteBehavior [ RunTime:0.000000s ]
INFO: [ app_init ] --END-- [ RunTime:0.001000s ]
INFO: [ app_begin ] --START--
INFO: Run Behavior\ReadHtmlCacheBehavior [ RunTime:0.000000s ]
INFO: [ app_begin ] --END-- [ RunTime:0.000000s ]
SQL: SHOW COLUMNS FROM `km_all_info` [ RunTime:0.0060s ]
SQL: SELECT * FROM `km_all_info` WHERE ( ''<=pushTime ) LIMIT 50,10   [ RunTime:0.0020s ]
SQL: SELECT COUNT(*) AS tp_count FROM `km_all_info` WHERE ( ''<=pushTime ) LIMIT 1   [ RunTime:0.0010s ]
INFO: [ app_end ] --START--
INFO: Run Behavior\ShowPageTraceBehavior [ RunTime:0.000000s ]
INFO: [ app_end ] --END-- [ RunTime:0.000000s ]

[ 2016-08-02T09:11:01+08:00 ] ::1 /pushServer/index.php/Home/GetInfo/getTableInfo
INFO: [ app_init ] --START--
INFO: Run Behavior\BuildLiteBehavior [ RunTime:0.000000s ]
INFO: [ app_init ] --END-- [ RunTime:0.001000s ]
INFO: [ app_begin ] --START--
INFO: Run Behavior\ReadHtmlCacheBehavior [ RunTime:0.000000s ]
INFO: [ app_begin ] --END-- [ RunTime:0.000000s ]
SQL: SHOW COLUMNS FROM `km_all_info` [ RunTime:0.0050s ]
SQL: SELECT * FROM `km_all_info` WHERE ( ''<=pushTime ) LIMIT 60,10   [ RunTime:0.0020s ]
SQL: SELECT COUNT(*) AS tp_count FROM `km_all_info` WHERE ( ''<=pushTime ) LIMIT 1   [ RunTime:0.0010s ]
INFO: [ app_end ] --START--
INFO: Run Behavior\ShowPageTraceBehavior [ RunTime:0.000000s ]
INFO: [ app_end ] --END-- [ RunTime:0.000000s ]

[ 2016-08-02T09:11:01+08:00 ] ::1 /pushServer/index.php/Home/GetInfo/getTableInfo
INFO: [ app_init ] --START--
INFO: Run Behavior\BuildLiteBehavior [ RunTime:0.000000s ]
INFO: [ app_init ] --END-- [ RunTime:0.000000s ]
INFO: [ app_begin ] --START--
INFO: Run Behavior\ReadHtmlCacheBehavior [ RunTime:0.001001s ]
INFO: [ app_begin ] --END-- [ RunTime:0.001001s ]
SQL: SHOW COLUMNS FROM `km_all_info` [ RunTime:0.0060s ]
SQL: SELECT * FROM `km_all_info` WHERE ( ''<=pushTime ) LIMIT 70,10   [ RunTime:0.0030s ]
SQL: SELECT COUNT(*) AS tp_count FROM `km_all_info` WHERE ( ''<=pushTime ) LIMIT 1   [ RunTime:0.0010s ]
INFO: [ app_end ] --START--
INFO: Run Behavior\ShowPageTraceBehavior [ RunTime:0.001000s ]
INFO: [ app_end ] --END-- [ RunTime:0.001000s ]

[ 2016-08-02T09:11:03+08:00 ] ::1 /pushServer/index.php/Home/GetInfo/getTableInfo
INFO: [ app_init ] --START--
INFO: Run Behavior\BuildLiteBehavior [ RunTime:0.000000s ]
INFO: [ app_init ] --END-- [ RunTime:0.000000s ]
INFO: [ app_begin ] --START--
INFO: Run Behavior\ReadHtmlCacheBehavior [ RunTime:0.001000s ]
INFO: [ app_begin ] --END-- [ RunTime:0.001000s ]
SQL: SHOW COLUMNS FROM `km_all_info` [ RunTime:0.0050s ]
SQL: SELECT * FROM `km_all_info` WHERE ( ''<=pushTime ) LIMIT 80,10   [ RunTime:0.0030s ]
SQL: SELECT COUNT(*) AS tp_count FROM `km_all_info` WHERE ( ''<=pushTime ) LIMIT 1   [ RunTime:0.0010s ]
INFO: [ app_end ] --START--
INFO: Run Behavior\ShowPageTraceBehavior [ RunTime:0.001000s ]
INFO: [ app_end ] --END-- [ RunTime:0.001000s ]

[ 2016-08-02T09:11:04+08:00 ] ::1 /pushServer/index.php/Home/GetInfo/getTableInfo
INFO: [ app_init ] --START--
INFO: Run Behavior\BuildLiteBehavior [ RunTime:0.000000s ]
INFO: [ app_init ] --END-- [ RunTime:0.001000s ]
INFO: [ app_begin ] --START--
INFO: Run Behavior\ReadHtmlCacheBehavior [ RunTime:0.001000s ]
INFO: [ app_begin ] --END-- [ RunTime:0.001000s ]
SQL: SHOW COLUMNS FROM `km_all_info` [ RunTime:0.0050s ]
SQL: SELECT * FROM `km_all_info` WHERE ( ''<=pushTime ) LIMIT 90,10   [ RunTime:0.0020s ]
SQL: SELECT COUNT(*) AS tp_count FROM `km_all_info` WHERE ( ''<=pushTime ) LIMIT 1   [ RunTime:0.0010s ]
INFO: [ app_end ] --START--
INFO: Run Behavior\ShowPageTraceBehavior [ RunTime:0.001000s ]
INFO: [ app_end ] --END-- [ RunTime:0.001000s ]

[ 2016-08-02T09:11:05+08:00 ] ::1 /pushServer/index.php/Home/GetInfo/getTableInfo
INFO: [ app_init ] --START--
INFO: Run Behavior\BuildLiteBehavior [ RunTime:0.000000s ]
INFO: [ app_init ] --END-- [ RunTime:0.001000s ]
INFO: [ app_begin ] --START--
INFO: Run Behavior\ReadHtmlCacheBehavior [ RunTime:0.000000s ]
INFO: [ app_begin ] --END-- [ RunTime:0.000000s ]
SQL: SHOW COLUMNS FROM `km_all_info` [ RunTime:0.0050s ]
SQL: SELECT * FROM `km_all_info` WHERE ( ''<=pushTime ) LIMIT 100,10   [ RunTime:0.0030s ]
SQL: SELECT COUNT(*) AS tp_count FROM `km_all_info` WHERE ( ''<=pushTime ) LIMIT 1   [ RunTime:0.0010s ]
INFO: [ app_end ] --START--
INFO: Run Behavior\ShowPageTraceBehavior [ RunTime:0.001000s ]
INFO: [ app_end ] --END-- [ RunTime:0.001000s ]

[ 2016-08-02T09:11:06+08:00 ] ::1 /pushServer/index.php/Home/GetInfo/getTableInfo
INFO: [ app_init ] --START--
INFO: Run Behavior\BuildLiteBehavior [ RunTime:0.000000s ]
INFO: [ app_init ] --END-- [ RunTime:0.001000s ]
INFO: [ app_begin ] --START--
INFO: Run Behavior\ReadHtmlCacheBehavior [ RunTime:0.000000s ]
INFO: [ app_begin ] --END-- [ RunTime:0.000000s ]
SQL: SHOW COLUMNS FROM `km_all_info` [ RunTime:0.0060s ]
SQL: SELECT * FROM `km_all_info` WHERE ( ''<=pushTime ) LIMIT 110,10   [ RunTime:0.0020s ]
SQL: SELECT COUNT(*) AS tp_count FROM `km_all_info` WHERE ( ''<=pushTime ) LIMIT 1   [ RunTime:0.0010s ]
INFO: [ app_end ] --START--
INFO: Run Behavior\ShowPageTraceBehavior [ RunTime:0.001000s ]
INFO: [ app_end ] --END-- [ RunTime:0.001000s ]

[ 2016-08-02T09:11:08+08:00 ] ::1 /pushServer/index.php/Home/GetInfo/getTableInfo
INFO: [ app_init ] --START--
INFO: Run Behavior\BuildLiteBehavior [ RunTime:0.000000s ]
INFO: [ app_init ] --END-- [ RunTime:0.000000s ]
INFO: [ app_begin ] --START--
INFO: Run Behavior\ReadHtmlCacheBehavior [ RunTime:0.000000s ]
INFO: [ app_begin ] --END-- [ RunTime:0.001000s ]
SQL: SHOW COLUMNS FROM `km_all_info` [ RunTime:0.0050s ]
SQL: SELECT * FROM `km_all_info` WHERE ( ''<=pushTime ) LIMIT 120,10   [ RunTime:0.0030s ]
SQL: SELECT COUNT(*) AS tp_count FROM `km_all_info` WHERE ( ''<=pushTime ) LIMIT 1   [ RunTime:0.0010s ]
INFO: [ app_end ] --START--
INFO: Run Behavior\ShowPageTraceBehavior [ RunTime:0.001000s ]
INFO: [ app_end ] --END-- [ RunTime:0.001000s ]

[ 2016-08-02T09:11:09+08:00 ] ::1 /pushServer/index.php/Home/GetInfo/getTableInfo
INFO: [ app_init ] --START--
INFO: Run Behavior\BuildLiteBehavior [ RunTime:0.000000s ]
INFO: [ app_init ] --END-- [ RunTime:0.000000s ]
INFO: [ app_begin ] --START--
INFO: Run Behavior\ReadHtmlCacheBehavior [ RunTime:0.000000s ]
INFO: [ app_begin ] --END-- [ RunTime:0.000000s ]
SQL: SHOW COLUMNS FROM `km_all_info` [ RunTime:0.0060s ]
SQL: SELECT * FROM `km_all_info` WHERE ( ''<=pushTime ) LIMIT 130,10   [ RunTime:0.0030s ]
SQL: SELECT COUNT(*) AS tp_count FROM `km_all_info` WHERE ( ''<=pushTime ) LIMIT 1   [ RunTime:0.0010s ]
INFO: [ app_end ] --START--
INFO: Run Behavior\ShowPageTraceBehavior [ RunTime:0.001000s ]
INFO: [ app_end ] --END-- [ RunTime:0.001000s ]

[ 2016-08-02T09:11:11+08:00 ] ::1 /pushServer/index.php/Home/GetInfo/getTableInfo
INFO: [ app_init ] --START--
INFO: Run Behavior\BuildLiteBehavior [ RunTime:0.000000s ]
INFO: [ app_init ] --END-- [ RunTime:0.000000s ]
INFO: [ app_begin ] --START--
INFO: Run Behavior\ReadHtmlCacheBehavior [ RunTime:0.000000s ]
INFO: [ app_begin ] --END-- [ RunTime:0.001000s ]
SQL: SHOW COLUMNS FROM `km_all_info` [ RunTime:0.0050s ]
SQL: SELECT * FROM `km_all_info` WHERE ( ''<=pushTime ) LIMIT 90,10   [ RunTime:0.0030s ]
SQL: SELECT COUNT(*) AS tp_count FROM `km_all_info` WHERE ( ''<=pushTime ) LIMIT 1   [ RunTime:0.0020s ]
INFO: [ app_end ] --START--
INFO: Run Behavior\ShowPageTraceBehavior [ RunTime:0.000000s ]
INFO: [ app_end ] --END-- [ RunTime:0.000000s ]

[ 2016-08-02T09:11:13+08:00 ] ::1 /pushServer/index.php/Home/GetInfo/getTableInfo
INFO: [ app_init ] --START--
INFO: Run Behavior\BuildLiteBehavior [ RunTime:0.000000s ]
INFO: [ app_init ] --END-- [ RunTime:0.000000s ]
INFO: [ app_begin ] --START--
INFO: Run Behavior\ReadHtmlCacheBehavior [ RunTime:0.001000s ]
INFO: [ app_begin ] --END-- [ RunTime:0.001000s ]
SQL: SHOW COLUMNS FROM `km_all_info` [ RunTime:0.0050s ]
SQL: SELECT * FROM `km_all_info` WHERE ( ''<=pushTime ) LIMIT 50,10   [ RunTime:0.0020s ]
SQL: SELECT COUNT(*) AS tp_count FROM `km_all_info` WHERE ( ''<=pushTime ) LIMIT 1   [ RunTime:0.0010s ]
INFO: [ app_end ] --START--
INFO: Run Behavior\ShowPageTraceBehavior [ RunTime:0.001000s ]
INFO: [ app_end ] --END-- [ RunTime:0.001000s ]

[ 2016-08-02T09:11:16+08:00 ] ::1 /pushServer/index.php/Home/GetInfo/getTableInfo
INFO: [ app_init ] --START--
INFO: Run Behavior\BuildLiteBehavior [ RunTime:0.000000s ]
INFO: [ app_init ] --END-- [ RunTime:0.001000s ]
INFO: [ app_begin ] --START--
INFO: Run Behavior\ReadHtmlCacheBehavior [ RunTime:0.000000s ]
INFO: [ app_begin ] --END-- [ RunTime:0.000000s ]
SQL: SHOW COLUMNS FROM `km_all_info` [ RunTime:0.0050s ]
SQL: SELECT * FROM `km_all_info` WHERE ( ''<=pushTime ) LIMIT 10,10   [ RunTime:0.0020s ]
SQL: SELECT COUNT(*) AS tp_count FROM `km_all_info` WHERE ( ''<=pushTime ) LIMIT 1   [ RunTime:0.0020s ]
INFO: [ app_end ] --START--
INFO: Run Behavior\ShowPageTraceBehavior [ RunTime:0.001000s ]
INFO: [ app_end ] --END-- [ RunTime:0.001000s ]

[ 2016-08-02T09:11:18+08:00 ] ::1 /pushServer/index.php/Home/GetInfo/getTableInfo
INFO: [ app_init ] --START--
INFO: Run Behavior\BuildLiteBehavior [ RunTime:0.000000s ]
INFO: [ app_init ] --END-- [ RunTime:0.000000s ]
INFO: [ app_begin ] --START--
INFO: Run Behavior\ReadHtmlCacheBehavior [ RunTime:0.000000s ]
INFO: [ app_begin ] --END-- [ RunTime:0.000000s ]
SQL: SHOW COLUMNS FROM `km_all_info` [ RunTime:0.0050s ]
SQL: SELECT * FROM `km_all_info` WHERE ( ''<=pushTime ) LIMIT 50,10   [ RunTime:0.0020s ]
SQL: SELECT COUNT(*) AS tp_count FROM `km_all_info` WHERE ( ''<=pushTime ) LIMIT 1   [ RunTime:0.0010s ]
INFO: [ app_end ] --START--
INFO: Run Behavior\ShowPageTraceBehavior [ RunTime:0.000000s ]
INFO: [ app_end ] --END-- [ RunTime:0.000000s ]

[ 2016-08-02T09:11:28+08:00 ] ::1 /pushServer/index.php/Home/GetInfo/getTableInfo
INFO: [ app_init ] --START--
INFO: Run Behavior\BuildLiteBehavior [ RunTime:0.000000s ]
INFO: [ app_init ] --END-- [ RunTime:0.001000s ]
INFO: [ app_begin ] --START--
INFO: Run Behavior\ReadHtmlCacheBehavior [ RunTime:0.000000s ]
INFO: [ app_begin ] --END-- [ RunTime:0.001000s ]
SQL: SHOW COLUMNS FROM `km_all_info` [ RunTime:0.0050s ]
SQL: SELECT * FROM `km_all_info` WHERE ( ''<=pushTime ) LIMIT 70,10   [ RunTime:0.0020s ]
SQL: SELECT COUNT(*) AS tp_count FROM `km_all_info` WHERE ( ''<=pushTime ) LIMIT 1   [ RunTime:0.0010s ]
INFO: [ app_end ] --START--
INFO: Run Behavior\ShowPageTraceBehavior [ RunTime:0.001000s ]
INFO: [ app_end ] --END-- [ RunTime:0.001000s ]

[ 2016-08-02T09:11:36+08:00 ] ::1 /pushServer/index.php/Home/ClickInfo/clickhot
INFO: [ app_init ] --START--
INFO: Run Behavior\BuildLiteBehavior [ RunTime:0.000000s ]
INFO: [ app_init ] --END-- [ RunTime:0.000000s ]
INFO: [ app_begin ] --START--
INFO: Run Behavior\ReadHtmlCacheBehavior [ RunTime:0.001001s ]
INFO: [ app_begin ] --END-- [ RunTime:0.001001s ]
SQL: SHOW COLUMNS FROM `km_all_info` [ RunTime:0.0060s ]
SQL: SELECT * FROM `km_all_info` WHERE ( ''<=pushTime AND city='郑州' ) LIMIT 0,10   [ RunTime:0.0050s ]
SQL: SELECT COUNT(*) AS tp_count FROM `km_all_info` WHERE ( ''<=pushTime AND city='郑州' ) LIMIT 1   [ RunTime:0.6490s ]
INFO: [ app_end ] --START--
INFO: Run Behavior\ShowPageTraceBehavior [ RunTime:0.001000s ]
INFO: [ app_end ] --END-- [ RunTime:0.001000s ]

[ 2016-08-02T09:11:51+08:00 ] ::1 /pushServer/index.php/Home/ClickInfo/clickhot
INFO: [ app_init ] --START--
INFO: Run Behavior\BuildLiteBehavior [ RunTime:0.000000s ]
INFO: [ app_init ] --END-- [ RunTime:0.000000s ]
INFO: [ app_begin ] --START--
INFO: Run Behavior\ReadHtmlCacheBehavior [ RunTime:0.001000s ]
INFO: [ app_begin ] --END-- [ RunTime:0.001000s ]
SQL: SHOW COLUMNS FROM `km_all_info` [ RunTime:0.0050s ]
SQL: SELECT * FROM `km_all_info` WHERE ( ''<=pushTime AND city='甘肃' ) LIMIT 0,10   [ RunTime:0.7420s ]
SQL: SELECT COUNT(*) AS tp_count FROM `km_all_info` WHERE ( ''<=pushTime AND city='甘肃' ) LIMIT 1   [ RunTime:0.5610s ]
INFO: [ app_end ] --START--
INFO: Run Behavior\ShowPageTraceBehavior [ RunTime:0.002000s ]
INFO: [ app_end ] --END-- [ RunTime:0.002000s ]

[ 2016-08-02T09:31:19+08:00 ] ::1 /pushServer/index.php/Home/ClickInfo/clickhot
INFO: [ app_init ] --START--
INFO: Run Behavior\BuildLiteBehavior [ RunTime:0.000000s ]
INFO: [ app_init ] --END-- [ RunTime:0.000000s ]
INFO: [ app_begin ] --START--
INFO: Run Behavior\ReadHtmlCacheBehavior [ RunTime:0.000000s ]
INFO: [ app_begin ] --END-- [ RunTime:0.000000s ]
SQL: SHOW COLUMNS FROM `km_all_info` [ RunTime:0.0050s ]
SQL: SELECT * FROM `km_all_info` WHERE ( ''<=pushTime AND city='沈阳' ) LIMIT 0,10   [ RunTime:0.0080s ]
SQL: SELECT COUNT(*) AS tp_count FROM `km_all_info` WHERE ( ''<=pushTime AND city='沈阳' ) LIMIT 1   [ RunTime:0.6960s ]
INFO: [ app_end ] --START--
INFO: Run Behavior\ShowPageTraceBehavior [ RunTime:0.002000s ]
INFO: [ app_end ] --END-- [ RunTime:0.002000s ]

[ 2016-08-02T09:49:54+08:00 ] ::1 /pushServer/index.php/Home/Index/info
INFO: [ app_init ] --START--
INFO: Run Behavior\BuildLiteBehavior [ RunTime:0.000000s ]
INFO: [ app_init ] --END-- [ RunTime:0.000000s ]
INFO: [ app_begin ] --START--
INFO: Run Behavior\ReadHtmlCacheBehavior [ RunTime:0.001000s ]
INFO: [ app_begin ] --END-- [ RunTime:0.001000s ]
INFO: [ view_parse ] --START--
INFO: [ template_filter ] --START--
INFO: Run Behavior\ContentReplaceBehavior [ RunTime:0.000000s ]
INFO: [ template_filter ] --END-- [ RunTime:0.001000s ]
INFO: Run Behavior\ParseTemplateBehavior [ RunTime:0.006001s ]
INFO: [ view_parse ] --END-- [ RunTime:0.006001s ]
INFO: [ view_filter ] --START--
INFO: Run Behavior\WriteHtmlCacheBehavior [ RunTime:0.001000s ]
INFO: [ view_filter ] --END-- [ RunTime:0.001000s ]
INFO: [ app_end ] --START--
INFO: Run Behavior\ShowPageTraceBehavior [ RunTime:0.000000s ]
INFO: [ app_end ] --END-- [ RunTime:0.000000s ]

[ 2016-08-02T09:50:22+08:00 ] ::1 /pushServer/index.php/Home/Index/info
INFO: [ app_init ] --START--
INFO: Run Behavior\BuildLiteBehavior [ RunTime:0.000000s ]
INFO: [ app_init ] --END-- [ RunTime:0.000000s ]
INFO: [ app_begin ] --START--
INFO: Run Behavior\ReadHtmlCacheBehavior [ RunTime:0.000000s ]
INFO: [ app_begin ] --END-- [ RunTime:0.000000s ]
INFO: [ view_parse ] --START--
INFO: [ template_filter ] --START--
INFO: Run Behavior\ContentReplaceBehavior [ RunTime:0.000000s ]
INFO: [ template_filter ] --END-- [ RunTime:0.000000s ]
INFO: Run Behavior\ParseTemplateBehavior [ RunTime:0.008000s ]
INFO: [ view_parse ] --END-- [ RunTime:0.008000s ]
INFO: [ view_filter ] --START--
INFO: Run Behavior\WriteHtmlCacheBehavior [ RunTime:0.000000s ]
INFO: [ view_filter ] --END-- [ RunTime:0.001000s ]
INFO: [ app_end ] --START--
INFO: Run Behavior\ShowPageTraceBehavior [ RunTime:0.000000s ]
INFO: [ app_end ] --END-- [ RunTime:0.000000s ]

[ 2016-08-02T09:50:33+08:00 ] ::1 /pushServer/index.php/Home/GetInfo/getALLPushNum
INFO: [ app_init ] --START--
INFO: Run Behavior\BuildLiteBehavior [ RunTime:0.000000s ]
INFO: [ app_init ] --END-- [ RunTime:0.000000s ]
INFO: [ app_begin ] --START--
INFO: Run Behavior\ReadHtmlCacheBehavior [ RunTime:0.000000s ]
INFO: [ app_begin ] --END-- [ RunTime:0.000000s ]
SQL: SHOW COLUMNS FROM `km_push_mo` [ RunTime:0.0050s ]
SQL: SELECT * FROM `km_push_mo` WHERE ( '2016-07-04'<= date AND flat = 'JAVA' )  [ RunTime:0.0020s ]
SQL: SELECT * FROM `km_push_mo` WHERE ( '2016-07-04'<= date AND flat = 'kmbackground' )  [ RunTime:0.0030s ]
SQL: SELECT * FROM `km_push_mo` WHERE ( '2016-07-04'<= date AND flat = 'kmgate' )  [ RunTime:0.0020s ]
SQL: SELECT * FROM `km_push_mo` WHERE ( '2016-07-04'<= date AND flat = 'kmhttpapi' )  [ RunTime:0.0020s ]
SQL: SELECT * FROM `km_push_mo` WHERE ( '2016-07-04'<= date AND flat = 'kmcompany' )  [ RunTime:0.0020s ]
SQL: SELECT * FROM `km_push_mo` WHERE ( '2016-07-04'<= date AND flat = 'Mozilla' )  [ RunTime:0.0020s ]
SQL: SHOW COLUMNS FROM `km_push_num` [ RunTime:0.0050s ]
SQL: SELECT * FROM `km_push_num` WHERE ( '2016-07-04'<=date )  [ RunTime:0.0020s ]
INFO: [ app_end ] --START--
INFO: Run Behavior\ShowPageTraceBehavior [ RunTime:0.001000s ]
INFO: [ app_end ] --END-- [ RunTime:0.001000s ]

[ 2016-08-02T09:50:36+08:00 ] ::1 /pushServer/index.php/Home/GetInfo/getHotPoin
INFO: [ app_init ] --START--
INFO: Run Behavior\BuildLiteBehavior [ RunTime:0.000000s ]
INFO: [ app_init ] --END-- [ RunTime:0.001000s ]
INFO: [ app_begin ] --START--
INFO: Run Behavior\ReadHtmlCacheBehavior [ RunTime:0.001000s ]
INFO: [ app_begin ] --END-- [ RunTime:0.001000s ]
SQL: SHOW COLUMNS FROM `km_hot_poin` [ RunTime:0.0040s ]
SQL: select city,sum(hotNum) as hotNum from (SELECT city,sum(hotNum) as hotNum,date FROM km_hot_poin group by city,date) a where date>='2016-07-04' group by city [ RunTime:3.1402s ]
INFO: [ app_end ] --START--
INFO: Run Behavior\ShowPageTraceBehavior [ RunTime:0.001000s ]
INFO: [ app_end ] --END-- [ RunTime:0.001000s ]

[ 2016-08-02T09:50:36+08:00 ] ::1 /pushServer/index.php/Home/GetInfo/getTableInfo
INFO: [ app_init ] --START--
INFO: Run Behavior\BuildLiteBehavior [ RunTime:0.000000s ]
INFO: [ app_init ] --END-- [ RunTime:0.000000s ]
INFO: [ app_begin ] --START--
INFO: Run Behavior\ReadHtmlCacheBehavior [ RunTime:0.001000s ]
INFO: [ app_begin ] --END-- [ RunTime:0.001000s ]
SQL: SHOW COLUMNS FROM `km_all_info` [ RunTime:0.0050s ]
SQL: SELECT * FROM `km_all_info` WHERE ( '2016-07-04'<=pushTime ) LIMIT 0,10   [ RunTime:0.0030s ]
SQL: SELECT COUNT(*) AS tp_count FROM `km_all_info` WHERE ( '2016-07-04'<=pushTime ) LIMIT 1   [ RunTime:0.5540s ]
INFO: [ app_end ] --START--
INFO: Run Behavior\ShowPageTraceBehavior [ RunTime:0.001000s ]
INFO: [ app_end ] --END-- [ RunTime:0.001000s ]

[ 2016-08-02T09:50:36+08:00 ] ::1 /pushServer/index.php/Home/GetInfo/getPushTime
INFO: [ app_init ] --START--
INFO: Run Behavior\BuildLiteBehavior [ RunTime:0.000000s ]
INFO: [ app_init ] --END-- [ RunTime:0.001000s ]
INFO: [ app_begin ] --START--
INFO: Run Behavior\ReadHtmlCacheBehavior [ RunTime:0.001001s ]
INFO: [ app_begin ] --END-- [ RunTime:0.001001s ]
SQL: SHOW COLUMNS FROM `km_push_time` [ RunTime:0.0050s ]
SQL: SELECT sum(from0to1) as a,sum(from1to5) as b,sum(from5to10) as c,sum(from10to30) as d,sum(from30to60) as e,sum(than60) as f,sum(noanswer) as g FROM `km_push_time` WHERE ( '2016-07-04'<=date )  [ RunTime:0.0020s ]
INFO: [ app_end ] --START--
INFO: Run Behavior\ShowPageTraceBehavior [ RunTime:0.001000s ]
INFO: [ app_end ] --END-- [ RunTime:0.001000s ]

[ 2016-08-02T09:50:36+08:00 ] ::1 /pushServer/index.php/Home/GetInfo/getPushMo
INFO: [ app_init ] --START--
INFO: Run Behavior\BuildLiteBehavior [ RunTime:0.000000s ]
INFO: [ app_init ] --END-- [ RunTime:0.001000s ]
INFO: [ app_begin ] --START--
INFO: Run Behavior\ReadHtmlCacheBehavior [ RunTime:0.001000s ]
INFO: [ app_begin ] --END-- [ RunTime:0.001000s ]
SQL: SHOW COLUMNS FROM `km_push_mo` [ RunTime:0.0050s ]
SQL: SELECT `flat`,sum(pushnum) as num FROM `km_push_mo` WHERE ( '2016-07-04'<=date ) GROUP BY flat  [ RunTime:0.0030s ]
INFO: [ app_end ] --START--
INFO: Run Behavior\ShowPageTraceBehavior [ RunTime:0.002000s ]
INFO: [ app_end ] --END-- [ RunTime:0.002000s ]

[ 2016-08-02T10:12:59+08:00 ] ::1 /pushServer/index.php/Home/Index/info
INFO: [ app_init ] --START--
INFO: Run Behavior\BuildLiteBehavior [ RunTime:0.000000s ]
INFO: [ app_init ] --END-- [ RunTime:0.000000s ]
INFO: [ app_begin ] --START--
INFO: Run Behavior\ReadHtmlCacheBehavior [ RunTime:0.001000s ]
INFO: [ app_begin ] --END-- [ RunTime:0.001000s ]
INFO: [ view_parse ] --START--
INFO: [ template_filter ] --START--
INFO: Run Behavior\ContentReplaceBehavior [ RunTime:0.001000s ]
INFO: [ template_filter ] --END-- [ RunTime:0.001000s ]
INFO: Run Behavior\ParseTemplateBehavior [ RunTime:0.007000s ]
INFO: [ view_parse ] --END-- [ RunTime:0.007000s ]
INFO: [ view_filter ] --START--
INFO: Run Behavior\WriteHtmlCacheBehavior [ RunTime:0.001000s ]
INFO: [ view_filter ] --END-- [ RunTime:0.001000s ]
INFO: [ app_end ] --START--
INFO: Run Behavior\ShowPageTraceBehavior [ RunTime:0.000000s ]
INFO: [ app_end ] --END-- [ RunTime:0.000000s ]

[ 2016-08-02T10:13:06+08:00 ] ::1 /pushServer/index.php/Home/GetInfo/getALLPushNum
INFO: [ app_init ] --START--
INFO: Run Behavior\BuildLiteBehavior [ RunTime:0.001000s ]
INFO: [ app_init ] --END-- [ RunTime:0.001000s ]
INFO: [ app_begin ] --START--
INFO: Run Behavior\ReadHtmlCacheBehavior [ RunTime:0.001001s ]
INFO: [ app_begin ] --END-- [ RunTime:0.001001s ]
SQL: SHOW COLUMNS FROM `km_push_mo` [ RunTime:0.0050s ]
SQL: SELECT * FROM `km_push_mo` WHERE ( '2016-07-01'<= date AND '2016-08-08'>= date AND flat = 'JAVA' )  [ RunTime:0.0020s ]
SQL: SELECT * FROM `km_push_mo` WHERE ( '2016-07-01'<= date AND '2016-08-08'>= date AND flat = 'kmbackground' )  [ RunTime:0.0020s ]
SQL: SELECT * FROM `km_push_mo` WHERE ( '2016-07-01'<= date AND '2016-08-08'>= date AND flat = 'kmgate' )  [ RunTime:0.0020s ]
SQL: SELECT * FROM `km_push_mo` WHERE ( '2016-07-01'<= date AND '2016-08-08'>= date AND flat = 'kmhttpapi' )  [ RunTime:0.0020s ]
SQL: SELECT * FROM `km_push_mo` WHERE ( '2016-07-01'<= date AND '2016-08-08'>= date AND flat = 'kmcompany' )  [ RunTime:0.0020s ]
SQL: SELECT * FROM `km_push_mo` WHERE ( '2016-07-01'<= date AND '2016-08-08'>= date AND flat = 'Mozilla' )  [ RunTime:0.0020s ]
SQL: SHOW COLUMNS FROM `km_push_num` [ RunTime:0.0040s ]
SQL: SELECT * FROM `km_push_num` WHERE ( '2016-07-01'<=date )  [ RunTime:0.0020s ]
INFO: [ app_end ] --START--
INFO: Run Behavior\ShowPageTraceBehavior [ RunTime:0.002000s ]
INFO: [ app_end ] --END-- [ RunTime:0.002000s ]

[ 2016-08-02T10:13:09+08:00 ] ::1 /pushServer/index.php/Home/GetInfo/getHotPoin
INFO: [ app_init ] --START--
INFO: Run Behavior\BuildLiteBehavior [ RunTime:0.000000s ]
INFO: [ app_init ] --END-- [ RunTime:0.001000s ]
INFO: [ app_begin ] --START--
INFO: Run Behavior\ReadHtmlCacheBehavior [ RunTime:0.001000s ]
INFO: [ app_begin ] --END-- [ RunTime:0.001000s ]
SQL: SHOW COLUMNS FROM `km_hot_poin` [ RunTime:0.0200s ]
SQL: select city,sum(hotNum) as hotNum from (SELECT city,sum(hotNum) as hotNum,date FROM km_hot_poin group by city,date) a where date>='2016-07-01' and date<='2016-08-08' group by city [ RunTime:3.0412s ]
INFO: [ app_end ] --START--
INFO: Run Behavior\ShowPageTraceBehavior [ RunTime:0.002000s ]
INFO: [ app_end ] --END-- [ RunTime:0.002000s ]

[ 2016-08-02T10:13:09+08:00 ] ::1 /pushServer/index.php/Home/GetInfo/getPushTime
INFO: [ app_init ] --START--
INFO: Run Behavior\BuildLiteBehavior [ RunTime:0.001000s ]
INFO: [ app_init ] --END-- [ RunTime:0.001000s ]
INFO: [ app_begin ] --START--
INFO: Run Behavior\ReadHtmlCacheBehavior [ RunTime:0.000000s ]
INFO: [ app_begin ] --END-- [ RunTime:0.001000s ]
SQL: SHOW COLUMNS FROM `km_push_time` [ RunTime:0.0050s ]
SQL: SELECT sum(from0to1) as a,sum(from1to5) as b,sum(from5to10) as c,sum(from10to30) as d,sum(from30to60) as e,sum(than60) as f,sum(noanswer) as g FROM `km_push_time` WHERE ( '2016-07-01'<=date and '2016-08-08'>=date )  [ RunTime:0.0010s ]
INFO: [ app_end ] --START--
INFO: Run Behavior\ShowPageTraceBehavior [ RunTime:0.001000s ]
INFO: [ app_end ] --END-- [ RunTime:0.001000s ]

[ 2016-08-02T10:13:09+08:00 ] ::1 /pushServer/index.php/Home/GetInfo/getPushMo
INFO: [ app_init ] --START--
INFO: Run Behavior\BuildLiteBehavior [ RunTime:0.000000s ]
INFO: [ app_init ] --END-- [ RunTime:0.000000s ]
INFO: [ app_begin ] --START--
INFO: Run Behavior\ReadHtmlCacheBehavior [ RunTime:0.000000s ]
INFO: [ app_begin ] --END-- [ RunTime:0.000000s ]
SQL: SHOW COLUMNS FROM `km_push_mo` [ RunTime:0.0050s ]
SQL: SELECT `flat`,sum(pushnum) as num FROM `km_push_mo` WHERE ( '2016-07-01'<= date AND '2016-08-08'>= date ) GROUP BY flat  [ RunTime:0.0020s ]
INFO: [ app_end ] --START--
INFO: Run Behavior\ShowPageTraceBehavior [ RunTime:0.001000s ]
INFO: [ app_end ] --END-- [ RunTime:0.001000s ]

[ 2016-08-02T10:13:09+08:00 ] ::1 /pushServer/index.php/Home/GetInfo/getTableInfo
INFO: [ app_init ] --START--
INFO: Run Behavior\BuildLiteBehavior [ RunTime:0.000000s ]
INFO: [ app_init ] --END-- [ RunTime:0.000000s ]
INFO: [ app_begin ] --START--
INFO: Run Behavior\ReadHtmlCacheBehavior [ RunTime:0.000000s ]
INFO: [ app_begin ] --END-- [ RunTime:0.000000s ]
SQL: SHOW COLUMNS FROM `km_all_info` [ RunTime:0.0040s ]
SQL: SELECT * FROM `km_all_info` WHERE ( '2016-07-01'<=pushTime and '2016-08-08'>=pushTime ) LIMIT 0,10   [ RunTime:0.0020s ]
SQL: SELECT COUNT(*) AS tp_count FROM `km_all_info` WHERE ( '2016-07-01'<=pushTime and '2016-08-08'>=pushTime ) LIMIT 1   [ RunTime:0.6150s ]
INFO: [ app_end ] --START--
INFO: Run Behavior\ShowPageTraceBehavior [ RunTime:0.001001s ]
INFO: [ app_end ] --END-- [ RunTime:0.001001s ]

[ 2016-08-02T10:13:23+08:00 ] ::1 /pushServer/index.php/Home/GetInfo/getPushTime
INFO: [ app_init ] --START--
INFO: Run Behavior\BuildLiteBehavior [ RunTime:0.000000s ]
INFO: [ app_init ] --END-- [ RunTime:0.001000s ]
INFO: [ app_begin ] --START--
INFO: Run Behavior\ReadHtmlCacheBehavior [ RunTime:0.000000s ]
INFO: [ app_begin ] --END-- [ RunTime:0.000000s ]
SQL: SHOW COLUMNS FROM `km_push_time` [ RunTime:0.0050s ]
SQL: SELECT sum(from0to1) as a,sum(from1to5) as b,sum(from5to10) as c,sum(from10to30) as d,sum(from30to60) as e,sum(than60) as f,sum(noanswer) as g FROM `km_push_time` WHERE ( '2016-07-01'<=date and '2016-07-08'>=date )  [ RunTime:0.0020s ]
INFO: [ app_end ] --START--
INFO: Run Behavior\ShowPageTraceBehavior [ RunTime:0.001000s ]
INFO: [ app_end ] --END-- [ RunTime:0.001000s ]

[ 2016-08-02T10:13:23+08:00 ] ::1 /pushServer/index.php/Home/GetInfo/getPushMo
INFO: [ app_init ] --START--
INFO: Run Behavior\BuildLiteBehavior [ RunTime:0.000000s ]
INFO: [ app_init ] --END-- [ RunTime:0.000000s ]
INFO: [ app_begin ] --START--
INFO: Run Behavior\ReadHtmlCacheBehavior [ RunTime:0.000000s ]
INFO: [ app_begin ] --END-- [ RunTime:0.000000s ]
SQL: SHOW COLUMNS FROM `km_push_mo` [ RunTime:0.0040s ]
SQL: SELECT `flat`,sum(pushnum) as num FROM `km_push_mo` WHERE ( '2016-07-01'<= date AND '2016-07-08'>= date ) GROUP BY flat  [ RunTime:0.0020s ]
INFO: [ app_end ] --START--
INFO: Run Behavior\ShowPageTraceBehavior [ RunTime:0.001000s ]
INFO: [ app_end ] --END-- [ RunTime:0.001000s ]

[ 2016-08-02T10:13:23+08:00 ] ::1 /pushServer/index.php/Home/GetInfo/getALLPushNum
INFO: [ app_init ] --START--
INFO: Run Behavior\BuildLiteBehavior [ RunTime:0.000000s ]
INFO: [ app_init ] --END-- [ RunTime:0.001000s ]
INFO: [ app_begin ] --START--
INFO: Run Behavior\ReadHtmlCacheBehavior [ RunTime:0.000000s ]
INFO: [ app_begin ] --END-- [ RunTime:0.000000s ]
SQL: SHOW COLUMNS FROM `km_push_mo` [ RunTime:0.0050s ]
SQL: SELECT * FROM `km_push_mo` WHERE ( '2016-07-01'<= date AND '2016-07-08'>= date AND flat = 'JAVA' )  [ RunTime:0.0010s ]
SQL: SELECT * FROM `km_push_mo` WHERE ( '2016-07-01'<= date AND '2016-07-08'>= date AND flat = 'kmbackground' )  [ RunTime:0.0010s ]
SQL: SELECT * FROM `km_push_mo` WHERE ( '2016-07-01'<= date AND '2016-07-08'>= date AND flat = 'kmgate' )  [ RunTime:0.0020s ]
SQL: SELECT * FROM `km_push_mo` WHERE ( '2016-07-01'<= date AND '2016-07-08'>= date AND flat = 'kmhttpapi' )  [ RunTime:0.0020s ]
SQL: SELECT * FROM `km_push_mo` WHERE ( '2016-07-01'<= date AND '2016-07-08'>= date AND flat = 'kmcompany' )  [ RunTime:0.0020s ]
SQL: SELECT * FROM `km_push_mo` WHERE ( '2016-07-01'<= date AND '2016-07-08'>= date AND flat = 'Mozilla' )  [ RunTime:0.0020s ]
SQL: SHOW COLUMNS FROM `km_push_num` [ RunTime:0.0040s ]
SQL: SELECT * FROM `km_push_num` WHERE ( '2016-07-01'<=date )  [ RunTime:0.0020s ]
INFO: [ app_end ] --START--
INFO: Run Behavior\ShowPageTraceBehavior [ RunTime:0.000000s ]
INFO: [ app_end ] --END-- [ RunTime:0.000000s ]

[ 2016-08-02T10:13:26+08:00 ] ::1 /pushServer/index.php/Home/GetInfo/getHotPoin
INFO: [ app_init ] --START--
INFO: Run Behavior\BuildLiteBehavior [ RunTime:0.000000s ]
INFO: [ app_init ] --END-- [ RunTime:0.001001s ]
INFO: [ app_begin ] --START--
INFO: Run Behavior\ReadHtmlCacheBehavior [ RunTime:0.000000s ]
INFO: [ app_begin ] --END-- [ RunTime:0.000000s ]
SQL: SHOW COLUMNS FROM `km_hot_poin` [ RunTime:0.0050s ]
SQL: select city,sum(hotNum) as hotNum from (SELECT city,sum(hotNum) as hotNum,date FROM km_hot_poin group by city,date) a where date>='2016-07-01' and date<='2016-07-08' group by city [ RunTime:3.1632s ]
INFO: [ app_end ] --START--
INFO: Run Behavior\ShowPageTraceBehavior [ RunTime:0.002000s ]
INFO: [ app_end ] --END-- [ RunTime:0.002000s ]

[ 2016-08-02T10:13:27+08:00 ] ::1 /pushServer/index.php/Home/GetInfo/getTableInfo
INFO: [ app_init ] --START--
INFO: Run Behavior\BuildLiteBehavior [ RunTime:0.000000s ]
INFO: [ app_init ] --END-- [ RunTime:0.000000s ]
INFO: [ app_begin ] --START--
INFO: Run Behavior\ReadHtmlCacheBehavior [ RunTime:0.000000s ]
INFO: [ app_begin ] --END-- [ RunTime:0.000000s ]
SQL: SHOW COLUMNS FROM `km_all_info` [ RunTime:0.0050s ]
SQL: SELECT * FROM `km_all_info` WHERE ( '2016-07-01'<=pushTime and '2016-07-08'>=pushTime ) LIMIT 0,10   [ RunTime:0.0020s ]
SQL: SELECT COUNT(*) AS tp_count FROM `km_all_info` WHERE ( '2016-07-01'<=pushTime and '2016-07-08'>=pushTime ) LIMIT 1   [ RunTime:0.6310s ]
INFO: [ app_end ] --START--
INFO: Run Behavior\ShowPageTraceBehavior [ RunTime:0.001001s ]
INFO: [ app_end ] --END-- [ RunTime:0.001001s ]

[ 2016-08-02T10:13:44+08:00 ] ::1 /pushServer/index.php/Home/GetInfo/getALLPushNum
INFO: [ app_init ] --START--
INFO: Run Behavior\BuildLiteBehavior [ RunTime:0.000000s ]
INFO: [ app_init ] --END-- [ RunTime:0.000000s ]
INFO: [ app_begin ] --START--
INFO: Run Behavior\ReadHtmlCacheBehavior [ RunTime:0.000000s ]
INFO: [ app_begin ] --END-- [ RunTime:0.000000s ]
SQL: SHOW COLUMNS FROM `km_push_mo` [ RunTime:0.0050s ]
SQL: SELECT * FROM `km_push_mo` WHERE ( '2016-07-01'<= date AND '2016-07-08'>= date AND flat = 'JAVA' )  [ RunTime:0.0010s ]
SQL: SELECT * FROM `km_push_mo` WHERE ( '2016-07-01'<= date AND '2016-07-08'>= date AND flat = 'kmbackground' )  [ RunTime:0.0010s ]
SQL: SELECT * FROM `km_push_mo` WHERE ( '2016-07-01'<= date AND '2016-07-08'>= date AND flat = 'kmgate' )  [ RunTime:0.0010s ]
SQL: SELECT * FROM `km_push_mo` WHERE ( '2016-07-01'<= date AND '2016-07-08'>= date AND flat = 'kmhttpapi' )  [ RunTime:0.0010s ]
SQL: SELECT * FROM `km_push_mo` WHERE ( '2016-07-01'<= date AND '2016-07-08'>= date AND flat = 'kmcompany' )  [ RunTime:0.0020s ]
SQL: SELECT * FROM `km_push_mo` WHERE ( '2016-07-01'<= date AND '2016-07-08'>= date AND flat = 'Mozilla' )  [ RunTime:0.0020s ]
SQL: SHOW COLUMNS FROM `km_push_num` [ RunTime:0.0050s ]
SQL: SELECT * FROM `km_push_num` WHERE ( '2016-07-01'<=date )  [ RunTime:0.0020s ]
INFO: [ app_end ] --START--
INFO: Run Behavior\ShowPageTraceBehavior [ RunTime:0.001000s ]
INFO: [ app_end ] --END-- [ RunTime:0.001000s ]

[ 2016-08-02T10:13:44+08:00 ] ::1 /pushServer/index.php/Home/GetInfo/getHotPoin
INFO: [ app_init ] --START--
INFO: Run Behavior\BuildLiteBehavior [ RunTime:0.000000s ]
INFO: [ app_init ] --END-- [ RunTime:0.001000s ]
INFO: [ app_begin ] --START--
INFO: Run Behavior\ReadHtmlCacheBehavior [ RunTime:0.001000s ]
INFO: [ app_begin ] --END-- [ RunTime:0.001000s ]
SQL: SHOW COLUMNS FROM `km_hot_poin` [ RunTime:0.0040s ]
SQL: select city,sum(hotNum) as hotNum from (SELECT city,sum(hotNum) as hotNum,date FROM km_hot_poin group by city,date) a where date>='2016-07-01' and date<='2016-07-08' group by city [ RunTime:0.0020s ]
INFO: [ app_end ] --START--
INFO: Run Behavior\ShowPageTraceBehavior [ RunTime:0.000000s ]
INFO: [ app_end ] --END-- [ RunTime:0.000000s ]

[ 2016-08-02T10:13:44+08:00 ] ::1 /pushServer/index.php/Home/GetInfo/getPushTime
INFO: [ app_init ] --START--
INFO: Run Behavior\BuildLiteBehavior [ RunTime:0.000000s ]
INFO: [ app_init ] --END-- [ RunTime:0.000000s ]
INFO: [ app_begin ] --START--
INFO: Run Behavior\ReadHtmlCacheBehavior [ RunTime:0.001000s ]
INFO: [ app_begin ] --END-- [ RunTime:0.001000s ]
SQL: SHOW COLUMNS FROM `km_push_time` [ RunTime:0.0060s ]
SQL: SELECT sum(from0to1) as a,sum(from1to5) as b,sum(from5to10) as c,sum(from10to30) as d,sum(from30to60) as e,sum(than60) as f,sum(noanswer) as g FROM `km_push_time` WHERE ( '2016-07-01'<=date and '2016-07-08'>=date )  [ RunTime:0.0030s ]
INFO: [ app_end ] --START--
INFO: Run Behavior\ShowPageTraceBehavior [ RunTime:0.001000s ]
INFO: [ app_end ] --END-- [ RunTime:0.001000s ]

[ 2016-08-02T10:13:44+08:00 ] ::1 /pushServer/index.php/Home/GetInfo/getPushMo
INFO: [ app_init ] --START--
INFO: Run Behavior\BuildLiteBehavior [ RunTime:0.000000s ]
INFO: [ app_init ] --END-- [ RunTime:0.000000s ]
INFO: [ app_begin ] --START--
INFO: Run Behavior\ReadHtmlCacheBehavior [ RunTime:0.001000s ]
INFO: [ app_begin ] --END-- [ RunTime:0.001000s ]
SQL: SHOW COLUMNS FROM `km_push_mo` [ RunTime:0.0050s ]
SQL: SELECT `flat`,sum(pushnum) as num FROM `km_push_mo` WHERE ( '2016-07-01'<= date AND '2016-07-08'>= date ) GROUP BY flat  [ RunTime:0.0010s ]
INFO: [ app_end ] --START--
INFO: Run Behavior\ShowPageTraceBehavior [ RunTime:0.000000s ]
INFO: [ app_end ] --END-- [ RunTime:0.000000s ]

[ 2016-08-02T10:13:44+08:00 ] ::1 /pushServer/index.php/Home/GetInfo/getTableInfo
INFO: [ app_init ] --START--
INFO: Run Behavior\BuildLiteBehavior [ RunTime:0.000000s ]
INFO: [ app_init ] --END-- [ RunTime:0.000000s ]
INFO: [ app_begin ] --START--
INFO: Run Behavior\ReadHtmlCacheBehavior [ RunTime:0.002000s ]
INFO: [ app_begin ] --END-- [ RunTime:0.002000s ]
SQL: SHOW COLUMNS FROM `km_all_info` [ RunTime:0.0050s ]
SQL: SELECT * FROM `km_all_info` WHERE ( '2016-07-01'<=pushTime and '2016-07-08'>=pushTime ) LIMIT 0,10   [ RunTime:0.0020s ]
SQL: SELECT COUNT(*) AS tp_count FROM `km_all_info` WHERE ( '2016-07-01'<=pushTime and '2016-07-08'>=pushTime ) LIMIT 1   [ RunTime:0.0010s ]
INFO: [ app_end ] --START--
INFO: Run Behavior\ShowPageTraceBehavior [ RunTime:0.000000s ]
INFO: [ app_end ] --END-- [ RunTime:0.000000s ]

[ 2016-08-02T10:16:31+08:00 ] ::1 /pushServer/index.php/Home/Index/info
INFO: [ app_init ] --START--
INFO: Run Behavior\BuildLiteBehavior [ RunTime:0.000000s ]
INFO: [ app_init ] --END-- [ RunTime:0.001000s ]
INFO: [ app_begin ] --START--
INFO: Run Behavior\ReadHtmlCacheBehavior [ RunTime:0.000000s ]
INFO: [ app_begin ] --END-- [ RunTime:0.001000s ]
INFO: [ view_parse ] --START--
INFO: [ template_filter ] --START--
INFO: Run Behavior\ContentReplaceBehavior [ RunTime:0.000000s ]
INFO: [ template_filter ] --END-- [ RunTime:0.000000s ]
INFO: Run Behavior\ParseTemplateBehavior [ RunTime:0.007000s ]
INFO: [ view_parse ] --END-- [ RunTime:0.007000s ]
INFO: [ view_filter ] --START--
INFO: Run Behavior\WriteHtmlCacheBehavior [ RunTime:0.000000s ]
INFO: [ view_filter ] --END-- [ RunTime:0.000000s ]
INFO: [ app_end ] --START--
INFO: Run Behavior\ShowPageTraceBehavior [ RunTime:0.001001s ]
INFO: [ app_end ] --END-- [ RunTime:0.001001s ]

[ 2016-08-02T10:16:41+08:00 ] ::1 /pushServer/index.php/Home/GetInfo/getALLPushNum
INFO: [ app_init ] --START--
INFO: Run Behavior\BuildLiteBehavior [ RunTime:0.000000s ]
INFO: [ app_init ] --END-- [ RunTime:0.001000s ]
INFO: [ app_begin ] --START--
INFO: Run Behavior\ReadHtmlCacheBehavior [ RunTime:0.000000s ]
INFO: [ app_begin ] --END-- [ RunTime:0.000000s ]
SQL: SHOW COLUMNS FROM `km_push_mo` [ RunTime:0.0030s ]
SQL: SELECT * FROM `km_push_mo` WHERE ( '2016-07-01'<= date AND '2016-07-10'>= date AND flat = 'JAVA' )  [ RunTime:0.0020s ]
SQL: SELECT * FROM `km_push_mo` WHERE ( '2016-07-01'<= date AND '2016-07-10'>= date AND flat = 'kmbackground' )  [ RunTime:0.0020s ]
SQL: SELECT * FROM `km_push_mo` WHERE ( '2016-07-01'<= date AND '2016-07-10'>= date AND flat = 'kmgate' )  [ RunTime:0.0020s ]
SQL: SELECT * FROM `km_push_mo` WHERE ( '2016-07-01'<= date AND '2016-07-10'>= date AND flat = 'kmhttpapi' )  [ RunTime:0.0010s ]
SQL: SELECT * FROM `km_push_mo` WHERE ( '2016-07-01'<= date AND '2016-07-10'>= date AND flat = 'kmcompany' )  [ RunTime:0.0020s ]
SQL: SELECT * FROM `km_push_mo` WHERE ( '2016-07-01'<= date AND '2016-07-10'>= date AND flat = 'Mozilla' )  [ RunTime:0.0020s ]
SQL: SHOW COLUMNS FROM `km_push_num` [ RunTime:0.0030s ]
SQL: SELECT * FROM `km_push_num` WHERE ( '2016-07-01'<=date and '2016-07-10'<=date )  [ RunTime:0.0020s ]
INFO: [ app_end ] --START--
INFO: Run Behavior\ShowPageTraceBehavior [ RunTime:0.000000s ]
INFO: [ app_end ] --END-- [ RunTime:0.000000s ]

[ 2016-08-02T10:16:42+08:00 ] ::1 /pushServer/index.php/Home/GetInfo/getTableInfo
INFO: [ app_init ] --START--
INFO: Run Behavior\BuildLiteBehavior [ RunTime:0.000000s ]
INFO: [ app_init ] --END-- [ RunTime:0.001000s ]
INFO: [ app_begin ] --START--
INFO: Run Behavior\ReadHtmlCacheBehavior [ RunTime:0.000000s ]
INFO: [ app_begin ] --END-- [ RunTime:0.000000s ]
SQL: SHOW COLUMNS FROM `km_all_info` [ RunTime:0.0040s ]
SQL: SELECT * FROM `km_all_info` WHERE ( '2016-07-01'<=pushTime and '2016-07-10'>=pushTime ) LIMIT 0,10   [ RunTime:0.0020s ]
SQL: SELECT COUNT(*) AS tp_count FROM `km_all_info` WHERE ( '2016-07-01'<=pushTime and '2016-07-10'>=pushTime ) LIMIT 1   [ RunTime:0.5980s ]
INFO: [ app_end ] --START--
INFO: Run Behavior\ShowPageTraceBehavior [ RunTime:0.002000s ]
INFO: [ app_end ] --END-- [ RunTime:0.002000s ]

[ 2016-08-02T10:16:42+08:00 ] ::1 /pushServer/index.php/Home/GetInfo/getPushMo
INFO: [ app_init ] --START--
INFO: Run Behavior\BuildLiteBehavior [ RunTime:0.000000s ]
INFO: [ app_init ] --END-- [ RunTime:0.000000s ]
INFO: [ app_begin ] --START--
INFO: Run Behavior\ReadHtmlCacheBehavior [ RunTime:0.001000s ]
INFO: [ app_begin ] --END-- [ RunTime:0.001000s ]
SQL: SHOW COLUMNS FROM `km_push_mo` [ RunTime:0.0050s ]
SQL: SELECT `flat`,sum(pushnum) as num FROM `km_push_mo` WHERE ( '2016-07-01'<= date AND '2016-07-10'>= date ) GROUP BY flat  [ RunTime:0.0030s ]
INFO: [ app_end ] --START--
INFO: Run Behavior\ShowPageTraceBehavior [ RunTime:0.001000s ]
INFO: [ app_end ] --END-- [ RunTime:0.001000s ]

[ 2016-08-02T10:16:45+08:00 ] ::1 /pushServer/index.php/Home/GetInfo/getHotPoin
INFO: [ app_init ] --START--
INFO: Run Behavior\BuildLiteBehavior [ RunTime:0.000000s ]
INFO: [ app_init ] --END-- [ RunTime:0.000000s ]
INFO: [ app_begin ] --START--
INFO: Run Behavior\ReadHtmlCacheBehavior [ RunTime:0.001000s ]
INFO: [ app_begin ] --END-- [ RunTime:0.001000s ]
SQL: SHOW COLUMNS FROM `km_hot_poin` [ RunTime:0.0040s ]
SQL: select city,sum(hotNum) as hotNum from (SELECT city,sum(hotNum) as hotNum,date FROM km_hot_poin group by city,date) a where date>='2016-07-01' and date<='2016-07-10' group by city [ RunTime:3.3732s ]
INFO: [ app_end ] --START--
INFO: Run Behavior\ShowPageTraceBehavior [ RunTime:0.002000s ]
INFO: [ app_end ] --END-- [ RunTime:0.002000s ]

[ 2016-08-02T10:16:45+08:00 ] ::1 /pushServer/index.php/Home/GetInfo/getPushTime
INFO: [ app_init ] --START--
INFO: Run Behavior\BuildLiteBehavior [ RunTime:0.000000s ]
INFO: [ app_init ] --END-- [ RunTime:0.001000s ]
INFO: [ app_begin ] --START--
INFO: Run Behavior\ReadHtmlCacheBehavior [ RunTime:0.001000s ]
INFO: [ app_begin ] --END-- [ RunTime:0.001000s ]
SQL: SHOW COLUMNS FROM `km_push_time` [ RunTime:0.0050s ]
SQL: SELECT sum(from0to1) as a,sum(from1to5) as b,sum(from5to10) as c,sum(from10to30) as d,sum(from30to60) as e,sum(than60) as f,sum(noanswer) as g FROM `km_push_time` WHERE ( '2016-07-01'<=date and '2016-07-10'>=date )  [ RunTime:0.0020s ]
INFO: [ app_end ] --START--
INFO: Run Behavior\ShowPageTraceBehavior [ RunTime:0.001000s ]
INFO: [ app_end ] --END-- [ RunTime:0.001000s ]

[ 2016-08-02T10:16:51+08:00 ] ::1 /pushServer/index.php/Home/GetInfo/getALLPushNum
INFO: [ app_init ] --START--
INFO: Run Behavior\BuildLiteBehavior [ RunTime:0.000000s ]
INFO: [ app_init ] --END-- [ RunTime:0.001000s ]
INFO: [ app_begin ] --START--
INFO: Run Behavior\ReadHtmlCacheBehavior [ RunTime:0.001000s ]
INFO: [ app_begin ] --END-- [ RunTime:0.001000s ]
SQL: SHOW COLUMNS FROM `km_push_mo` [ RunTime:0.0060s ]
SQL: SELECT * FROM `km_push_mo` WHERE ( '2016-07-01'<= date AND '2016-07-10'>= date AND flat = 'JAVA' )  [ RunTime:0.0020s ]
SQL: SELECT * FROM `km_push_mo` WHERE ( '2016-07-01'<= date AND '2016-07-10'>= date AND flat = 'kmbackground' )  [ RunTime:0.0030s ]
SQL: SELECT * FROM `km_push_mo` WHERE ( '2016-07-01'<= date AND '2016-07-10'>= date AND flat = 'kmgate' )  [ RunTime:0.0020s ]
SQL: SELECT * FROM `km_push_mo` WHERE ( '2016-07-01'<= date AND '2016-07-10'>= date AND flat = 'kmhttpapi' )  [ RunTime:0.0020s ]
SQL: SELECT * FROM `km_push_mo` WHERE ( '2016-07-01'<= date AND '2016-07-10'>= date AND flat = 'kmcompany' )  [ RunTime:0.0010s ]
SQL: SELECT * FROM `km_push_mo` WHERE ( '2016-07-01'<= date AND '2016-07-10'>= date AND flat = 'Mozilla' )  [ RunTime:0.0020s ]
SQL: SHOW COLUMNS FROM `km_push_num` [ RunTime:0.0060s ]
SQL: SELECT * FROM `km_push_num` WHERE ( '2016-07-01'<=date and '2016-07-10'<=date )  [ RunTime:0.0010s ]
INFO: [ app_end ] --START--
INFO: Run Behavior\ShowPageTraceBehavior [ RunTime:0.001000s ]
INFO: [ app_end ] --END-- [ RunTime:0.001000s ]

[ 2016-08-02T10:16:51+08:00 ] ::1 /pushServer/index.php/Home/GetInfo/getHotPoin
INFO: [ app_init ] --START--
INFO: Run Behavior\BuildLiteBehavior [ RunTime:0.000000s ]
INFO: [ app_init ] --END-- [ RunTime:0.001000s ]
INFO: [ app_begin ] --START--
INFO: Run Behavior\ReadHtmlCacheBehavior [ RunTime:0.001000s ]
INFO: [ app_begin ] --END-- [ RunTime:0.001000s ]
SQL: SHOW COLUMNS FROM `km_hot_poin` [ RunTime:0.0050s ]
SQL: select city,sum(hotNum) as hotNum from (SELECT city,sum(hotNum) as hotNum,date FROM km_hot_poin group by city,date) a where date>='2016-07-01' and date<='2016-07-10' group by city [ RunTime:0.0030s ]
INFO: [ app_end ] --START--
INFO: Run Behavior\ShowPageTraceBehavior [ RunTime:0.000000s ]
INFO: [ app_end ] --END-- [ RunTime:0.001000s ]

[ 2016-08-02T10:16:51+08:00 ] ::1 /pushServer/index.php/Home/GetInfo/getPushTime
INFO: [ app_init ] --START--
INFO: Run Behavior\BuildLiteBehavior [ RunTime:0.000000s ]
INFO: [ app_init ] --END-- [ RunTime:0.000000s ]
INFO: [ app_begin ] --START--
INFO: Run Behavior\ReadHtmlCacheBehavior [ RunTime:0.000000s ]
INFO: [ app_begin ] --END-- [ RunTime:0.000000s ]
SQL: SHOW COLUMNS FROM `km_push_time` [ RunTime:0.0050s ]
SQL: SELECT sum(from0to1) as a,sum(from1to5) as b,sum(from5to10) as c,sum(from10to30) as d,sum(from30to60) as e,sum(than60) as f,sum(noanswer) as g FROM `km_push_time` WHERE ( '2016-07-01'<=date and '2016-07-10'>=date )  [ RunTime:0.0010s ]
INFO: [ app_end ] --START--
INFO: Run Behavior\ShowPageTraceBehavior [ RunTime:0.001000s ]
INFO: [ app_end ] --END-- [ RunTime:0.001000s ]

[ 2016-08-02T10:16:51+08:00 ] ::1 /pushServer/index.php/Home/GetInfo/getTableInfo
INFO: [ app_init ] --START--
INFO: Run Behavior\BuildLiteBehavior [ RunTime:0.000000s ]
INFO: [ app_init ] --END-- [ RunTime:0.001000s ]
INFO: [ app_begin ] --START--
INFO: Run Behavior\ReadHtmlCacheBehavior [ RunTime:0.001000s ]
INFO: [ app_begin ] --END-- [ RunTime:0.001000s ]
SQL: SHOW COLUMNS FROM `km_all_info` [ RunTime:0.0050s ]
SQL: SELECT * FROM `km_all_info` WHERE ( '2016-07-01'<=pushTime and '2016-07-10'>=pushTime ) LIMIT 0,10   [ RunTime:0.0020s ]
SQL: SELECT COUNT(*) AS tp_count FROM `km_all_info` WHERE ( '2016-07-01'<=pushTime and '2016-07-10'>=pushTime ) LIMIT 1   [ RunTime:0.0010s ]
INFO: [ app_end ] --START--
INFO: Run Behavior\ShowPageTraceBehavior [ RunTime:0.000000s ]
INFO: [ app_end ] --END-- [ RunTime:0.000000s ]

[ 2016-08-02T10:16:51+08:00 ] ::1 /pushServer/index.php/Home/GetInfo/getPushMo
INFO: [ app_init ] --START--
INFO: Run Behavior\BuildLiteBehavior [ RunTime:0.000000s ]
INFO: [ app_init ] --END-- [ RunTime:0.000000s ]
INFO: [ app_begin ] --START--
INFO: Run Behavior\ReadHtmlCacheBehavior [ RunTime:0.001000s ]
INFO: [ app_begin ] --END-- [ RunTime:0.001000s ]
SQL: SHOW COLUMNS FROM `km_push_mo` [ RunTime:0.0040s ]
SQL: SELECT `flat`,sum(pushnum) as num FROM `km_push_mo` WHERE ( '2016-07-01'<= date AND '2016-07-10'>= date ) GROUP BY flat  [ RunTime:0.0010s ]
INFO: [ app_end ] --START--
INFO: Run Behavior\ShowPageTraceBehavior [ RunTime:0.000000s ]
INFO: [ app_end ] --END-- [ RunTime:0.000000s ]

[ 2016-08-02T10:17:32+08:00 ] ::1 /pushServer/index.php/Home/Index/info
INFO: [ app_init ] --START--
INFO: Run Behavior\BuildLiteBehavior [ RunTime:0.000000s ]
INFO: [ app_init ] --END-- [ RunTime:0.001000s ]
INFO: [ app_begin ] --START--
INFO: Run Behavior\ReadHtmlCacheBehavior [ RunTime:0.001000s ]
INFO: [ app_begin ] --END-- [ RunTime:0.001000s ]
INFO: [ view_parse ] --START--
INFO: [ template_filter ] --START--
INFO: Run Behavior\ContentReplaceBehavior [ RunTime:0.000000s ]
INFO: [ template_filter ] --END-- [ RunTime:0.000000s ]
INFO: Run Behavior\ParseTemplateBehavior [ RunTime:0.008001s ]
INFO: [ view_parse ] --END-- [ RunTime:0.008001s ]
INFO: [ view_filter ] --START--
INFO: Run Behavior\WriteHtmlCacheBehavior [ RunTime:0.001000s ]
INFO: [ view_filter ] --END-- [ RunTime:0.001000s ]
INFO: [ app_end ] --START--
INFO: Run Behavior\ShowPageTraceBehavior [ RunTime:0.001000s ]
INFO: [ app_end ] --END-- [ RunTime:0.001000s ]

[ 2016-08-02T10:17:39+08:00 ] ::1 /pushServer/index.php/Home/GetInfo/getHotPoin
INFO: [ app_init ] --START--
INFO: Run Behavior\BuildLiteBehavior [ RunTime:0.000000s ]
INFO: [ app_init ] --END-- [ RunTime:0.000000s ]
INFO: [ app_begin ] --START--
INFO: Run Behavior\ReadHtmlCacheBehavior [ RunTime:0.001000s ]
INFO: [ app_begin ] --END-- [ RunTime:0.001000s ]
SQL: SHOW COLUMNS FROM `km_hot_poin` [ RunTime:0.0070s ]
SQL: select city,sum(hotNum) as hotNum from (SELECT city,sum(hotNum) as hotNum,date FROM km_hot_poin group by city,date) a where date>='2016-07-01' and date<='2016-07-10' group by city [ RunTime:0.0030s ]
INFO: [ app_end ] --START--
INFO: Run Behavior\ShowPageTraceBehavior [ RunTime:0.001000s ]
INFO: [ app_end ] --END-- [ RunTime:0.001000s ]

[ 2016-08-02T10:17:39+08:00 ] ::1 /pushServer/index.php/Home/GetInfo/getPushTime
INFO: [ app_init ] --START--
INFO: Run Behavior\BuildLiteBehavior [ RunTime:0.000000s ]
INFO: [ app_init ] --END-- [ RunTime:0.001000s ]
INFO: [ app_begin ] --START--
INFO: Run Behavior\ReadHtmlCacheBehavior [ RunTime:0.001000s ]
INFO: [ app_begin ] --END-- [ RunTime:0.001000s ]
SQL: SHOW COLUMNS FROM `km_push_time` [ RunTime:0.0050s ]
SQL: SELECT sum(from0to1) as a,sum(from1to5) as b,sum(from5to10) as c,sum(from10to30) as d,sum(from30to60) as e,sum(than60) as f,sum(noanswer) as g FROM `km_push_time` WHERE ( '2016-07-01'<=date and '2016-07-10'>=date )  [ RunTime:0.0020s ]
INFO: [ app_end ] --START--
INFO: Run Behavior\ShowPageTraceBehavior [ RunTime:0.002000s ]
INFO: [ app_end ] --END-- [ RunTime:0.002000s ]

[ 2016-08-02T10:17:39+08:00 ] ::1 /pushServer/index.php/Home/GetInfo/getTableInfo
INFO: [ app_init ] --START--
INFO: Run Behavior\BuildLiteBehavior [ RunTime:0.000000s ]
INFO: [ app_init ] --END-- [ RunTime:0.001000s ]
INFO: [ app_begin ] --START--
INFO: Run Behavior\ReadHtmlCacheBehavior [ RunTime:0.000000s ]
INFO: [ app_begin ] --END-- [ RunTime:0.000000s ]
SQL: SHOW COLUMNS FROM `km_all_info` [ RunTime:0.0050s ]
SQL: SELECT * FROM `km_all_info` WHERE ( '2016-07-01'<=pushTime and '2016-07-10'>=pushTime ) LIMIT 0,10   [ RunTime:0.0020s ]
SQL: SELECT COUNT(*) AS tp_count FROM `km_all_info` WHERE ( '2016-07-01'<=pushTime and '2016-07-10'>=pushTime ) LIMIT 1   [ RunTime:0.0010s ]
INFO: [ app_end ] --START--
INFO: Run Behavior\ShowPageTraceBehavior [ RunTime:0.001000s ]
INFO: [ app_end ] --END-- [ RunTime:0.001000s ]

[ 2016-08-02T10:17:39+08:00 ] ::1 /pushServer/index.php/Home/GetInfo/getPushMo
INFO: [ app_init ] --START--
INFO: Run Behavior\BuildLiteBehavior [ RunTime:0.000000s ]
INFO: [ app_init ] --END-- [ RunTime:0.000000s ]
INFO: [ app_begin ] --START--
INFO: Run Behavior\ReadHtmlCacheBehavior [ RunTime:0.000000s ]
INFO: [ app_begin ] --END-- [ RunTime:0.000000s ]
SQL: SHOW COLUMNS FROM `km_push_mo` [ RunTime:0.0050s ]
SQL: SELECT `flat`,sum(pushnum) as num FROM `km_push_mo` WHERE ( '2016-07-01'<= date AND '2016-07-10'>= date ) GROUP BY flat  [ RunTime:0.0020s ]
INFO: [ app_end ] --START--
INFO: Run Behavior\ShowPageTraceBehavior [ RunTime:0.000000s ]
INFO: [ app_end ] --END-- [ RunTime:0.001000s ]

[ 2016-08-02T10:17:39+08:00 ] ::1 /pushServer/index.php/Home/GetInfo/getALLPushNum
INFO: [ app_init ] --START--
INFO: Run Behavior\BuildLiteBehavior [ RunTime:0.000000s ]
INFO: [ app_init ] --END-- [ RunTime:0.000000s ]
INFO: [ app_begin ] --START--
INFO: Run Behavior\ReadHtmlCacheBehavior [ RunTime:0.000000s ]
INFO: [ app_begin ] --END-- [ RunTime:0.000000s ]
SQL: SHOW COLUMNS FROM `km_push_mo` [ RunTime:0.0050s ]
SQL: SELECT * FROM `km_push_mo` WHERE ( '2016-07-01'<= date AND '2016-07-10'>= date AND flat = 'JAVA' )  [ RunTime:0.0020s ]
SQL: SELECT * FROM `km_push_mo` WHERE ( '2016-07-01'<= date AND '2016-07-10'>= date AND flat = 'kmbackground' )  [ RunTime:0.0020s ]
SQL: SELECT * FROM `km_push_mo` WHERE ( '2016-07-01'<= date AND '2016-07-10'>= date AND flat = 'kmgate' )  [ RunTime:0.0020s ]
SQL: SELECT * FROM `km_push_mo` WHERE ( '2016-07-01'<= date AND '2016-07-10'>= date AND flat = 'kmhttpapi' )  [ RunTime:0.0020s ]
SQL: SELECT * FROM `km_push_mo` WHERE ( '2016-07-01'<= date AND '2016-07-10'>= date AND flat = 'kmcompany' )  [ RunTime:0.0020s ]
SQL: SELECT * FROM `km_push_mo` WHERE ( '2016-07-01'<= date AND '2016-07-10'>= date AND flat = 'Mozilla' )  [ RunTime:0.0020s ]
SQL: SHOW COLUMNS FROM `km_push_num` [ RunTime:0.0050s ]
SQL: SELECT * FROM `km_push_num` WHERE ( '2016-07-01'<=date and '2016-07-10'>=date )  [ RunTime:0.0020s ]
INFO: [ app_end ] --START--
INFO: Run Behavior\ShowPageTraceBehavior [ RunTime:0.001000s ]
INFO: [ app_end ] --END-- [ RunTime:0.001000s ]

