[ 2016-07-25T17:31:30+08:00 ] ::1 /
INFO: [ app_init ] --START--
INFO: Run Behavior\BuildLiteBehavior [ RunTime:0.000000s ]
INFO: [ app_init ] --END-- [ RunTime:0.005000s ]
INFO: [ app_begin ] --START--
INFO: Run Behavior\ReadHtmlCacheBehavior [ RunTime:0.009001s ]
INFO: [ app_begin ] --END-- [ RunTime:0.009001s ]
INFO: [ view_parse ] --START--
INFO: [ template_filter ] --START--
INFO: Run Behavior\ContentReplaceBehavior [ RunTime:0.000000s ]
INFO: [ template_filter ] --END-- [ RunTime:0.000000s ]
INFO: Run Behavior\ParseTemplateBehavior [ RunTime:0.029001s ]
INFO: [ view_parse ] --END-- [ RunTime:0.029001s ]
INFO: [ view_filter ] --START--
INFO: Run Behavior\WriteHtmlCacheBehavior [ RunTime:0.002001s ]
INFO: [ view_filter ] --END-- [ RunTime:0.002001s ]
INFO: [ app_end ] --START--
INFO: Run Behavior\ShowPageTraceBehavior [ RunTime:0.002000s ]
INFO: [ app_end ] --END-- [ RunTime:0.002000s ]

[ 2016-07-25T17:31:35+08:00 ] ::1 /Home/GetInfo/getPushNum
INFO: [ app_init ] --START--
INFO: Run Behavior\BuildLiteBehavior [ RunTime:0.000000s ]
INFO: [ app_init ] --END-- [ RunTime:0.001000s ]
INFO: [ app_begin ] --START--
INFO: Run Behavior\ReadHtmlCacheBehavior [ RunTime:0.001000s ]
INFO: [ app_begin ] --END-- [ RunTime:0.001000s ]
ERR: 1146:Table 'pushserver.pushnum' doesn't exist
 [ SQL语句 ] : SHOW COLUMNS FROM `pushnum`
ERR: 1146:Table 'pushserver.pushnum' doesn't exist
 [ SQL语句 ] : SHOW COLUMNS FROM `pushnum`

[ 2016-07-25T17:31:36+08:00 ] ::1 /Home/GetInfo/getHotPoin
INFO: [ app_init ] --START--
INFO: Run Behavior\BuildLiteBehavior [ RunTime:0.000000s ]
INFO: [ app_init ] --END-- [ RunTime:0.000000s ]
INFO: [ app_begin ] --START--
INFO: Run Behavior\ReadHtmlCacheBehavior [ RunTime:0.000000s ]
INFO: [ app_begin ] --END-- [ RunTime:0.000000s ]
ERR: 1146:Table 'pushserver.hotpoin' doesn't exist
 [ SQL语句 ] : SHOW COLUMNS FROM `hotpoin`
ERR: 1146:Table 'pushserver.hotpoin' doesn't exist
 [ SQL语句 ] : SHOW COLUMNS FROM `hotpoin`

[ 2016-07-25T17:31:37+08:00 ] ::1 /Home/GetInfo/getPushTime
INFO: [ app_init ] --START--
INFO: Run Behavior\BuildLiteBehavior [ RunTime:0.000000s ]
INFO: [ app_init ] --END-- [ RunTime:0.000000s ]
INFO: [ app_begin ] --START--
INFO: Run Behavior\ReadHtmlCacheBehavior [ RunTime:0.000000s ]
INFO: [ app_begin ] --END-- [ RunTime:0.001000s ]
ERR: 1146:Table 'pushserver.pushtime' doesn't exist
 [ SQL语句 ] : SHOW COLUMNS FROM `pushtime`
ERR: 1146:Table 'pushserver.pushtime' doesn't exist
 [ SQL语句 ] : SHOW COLUMNS FROM `pushtime`

[ 2016-07-25T17:31:38+08:00 ] ::1 /Home/GetInfo/getTableInfo
INFO: [ app_init ] --START--
INFO: Run Behavior\BuildLiteBehavior [ RunTime:0.000000s ]
INFO: [ app_init ] --END-- [ RunTime:0.000000s ]
INFO: [ app_begin ] --START--
INFO: Run Behavior\ReadHtmlCacheBehavior [ RunTime:0.000000s ]
INFO: [ app_begin ] --END-- [ RunTime:0.000000s ]
SQL: SHOW COLUMNS FROM `allinfo` [ RunTime:0.0060s ]
SQL: SELECT * FROM `allinfo` WHERE ( ''<=pushTime )  [ RunTime:0.0010s ]
INFO: [ app_end ] --START--
INFO: Run Behavior\ShowPageTraceBehavior [ RunTime:0.001000s ]
INFO: [ app_end ] --END-- [ RunTime:0.001000s ]

[ 2016-07-25T17:31:39+08:00 ] ::1 /Home/GetInfo/getPushMo
INFO: [ app_init ] --START--
INFO: Run Behavior\BuildLiteBehavior [ RunTime:0.000000s ]
INFO: [ app_init ] --END-- [ RunTime:0.000000s ]
INFO: [ app_begin ] --START--
INFO: Run Behavior\ReadHtmlCacheBehavior [ RunTime:0.000000s ]
INFO: [ app_begin ] --END-- [ RunTime:0.000000s ]
ERR: 1146:Table 'pushserver.pushmo' doesn't exist
 [ SQL语句 ] : SHOW COLUMNS FROM `pushmo`
ERR: 1146:Table 'pushserver.pushmo' doesn't exist
 [ SQL语句 ] : SHOW COLUMNS FROM `pushmo`

[ 2016-07-25T17:31:39+08:00 ] ::1 /
INFO: [ app_init ] --START--
INFO: Run Behavior\BuildLiteBehavior [ RunTime:0.000000s ]
INFO: [ app_init ] --END-- [ RunTime:0.000000s ]
INFO: [ app_begin ] --START--
INFO: Run Behavior\ReadHtmlCacheBehavior [ RunTime:0.000000s ]
INFO: [ app_begin ] --END-- [ RunTime:0.000000s ]
INFO: [ view_parse ] --START--
INFO: [ template_filter ] --START--
INFO: Run Behavior\ContentReplaceBehavior [ RunTime:0.000000s ]
INFO: [ template_filter ] --END-- [ RunTime:0.000000s ]
INFO: Run Behavior\ParseTemplateBehavior [ RunTime:0.018001s ]
INFO: [ view_parse ] --END-- [ RunTime:0.018001s ]
INFO: [ view_filter ] --START--
INFO: Run Behavior\WriteHtmlCacheBehavior [ RunTime:0.001000s ]
INFO: [ view_filter ] --END-- [ RunTime:0.001000s ]
INFO: [ app_end ] --START--
INFO: Run Behavior\ShowPageTraceBehavior [ RunTime:0.002000s ]
INFO: [ app_end ] --END-- [ RunTime:0.002000s ]

[ 2016-07-25T17:49:39+08:00 ] ::1 /Home/GetInfo/getPushNum
INFO: [ app_init ] --START--
INFO: Run Behavior\BuildLiteBehavior [ RunTime:0.001000s ]
INFO: [ app_init ] --END-- [ RunTime:0.001000s ]
INFO: [ app_begin ] --START--
INFO: Run Behavior\ReadHtmlCacheBehavior [ RunTime:0.001000s ]
INFO: [ app_begin ] --END-- [ RunTime:0.001000s ]
ERR: 1146:Table 'pushserver.pushnum' doesn't exist
 [ SQL语句 ] : SHOW COLUMNS FROM `pushnum`
ERR: 1146:Table 'pushserver.pushnum' doesn't exist
 [ SQL语句 ] : SHOW COLUMNS FROM `pushnum`

[ 2016-07-25T17:49:40+08:00 ] ::1 /Home/GetInfo/getHotPoin
INFO: [ app_init ] --START--
INFO: Run Behavior\BuildLiteBehavior [ RunTime:0.000000s ]
INFO: [ app_init ] --END-- [ RunTime:0.001000s ]
INFO: [ app_begin ] --START--
INFO: Run Behavior\ReadHtmlCacheBehavior [ RunTime:0.001000s ]
INFO: [ app_begin ] --END-- [ RunTime:0.001000s ]
ERR: 1146:Table 'pushserver.hotpoin' doesn't exist
 [ SQL语句 ] : SHOW COLUMNS FROM `hotpoin`
ERR: 1146:Table 'pushserver.hotpoin' doesn't exist
 [ SQL语句 ] : SHOW COLUMNS FROM `hotpoin`

[ 2016-07-25T17:49:41+08:00 ] ::1 /Home/GetInfo/getPushMo
INFO: [ app_init ] --START--
INFO: Run Behavior\BuildLiteBehavior [ RunTime:0.000000s ]
INFO: [ app_init ] --END-- [ RunTime:0.001000s ]
INFO: [ app_begin ] --START--
INFO: Run Behavior\ReadHtmlCacheBehavior [ RunTime:0.001000s ]
INFO: [ app_begin ] --END-- [ RunTime:0.001000s ]
ERR: 1146:Table 'pushserver.pushmo' doesn't exist
 [ SQL语句 ] : SHOW COLUMNS FROM `pushmo`
ERR: 1146:Table 'pushserver.pushmo' doesn't exist
 [ SQL语句 ] : SHOW COLUMNS FROM `pushmo`

[ 2016-07-25T17:49:42+08:00 ] ::1 /Home/GetInfo/getPushTime
INFO: [ app_init ] --START--
INFO: Run Behavior\BuildLiteBehavior [ RunTime:0.000000s ]
INFO: [ app_init ] --END-- [ RunTime:0.000000s ]
INFO: [ app_begin ] --START--
INFO: Run Behavior\ReadHtmlCacheBehavior [ RunTime:0.000000s ]
INFO: [ app_begin ] --END-- [ RunTime:0.000000s ]
ERR: 1146:Table 'pushserver.pushtime' doesn't exist
 [ SQL语句 ] : SHOW COLUMNS FROM `pushtime`
ERR: 1146:Table 'pushserver.pushtime' doesn't exist
 [ SQL语句 ] : SHOW COLUMNS FROM `pushtime`

[ 2016-07-25T17:49:43+08:00 ] ::1 /Home/GetInfo/getTableInfo
INFO: [ app_init ] --START--
INFO: Run Behavior\BuildLiteBehavior [ RunTime:0.000000s ]
INFO: [ app_init ] --END-- [ RunTime:0.000000s ]
INFO: [ app_begin ] --START--
INFO: Run Behavior\ReadHtmlCacheBehavior [ RunTime:0.000000s ]
INFO: [ app_begin ] --END-- [ RunTime:0.000000s ]
SQL: SHOW COLUMNS FROM `allinfo` [ RunTime:0.0070s ]
SQL: SELECT * FROM `allinfo` WHERE ( ''<=pushTime )  [ RunTime:0.0010s ]
INFO: [ app_end ] --START--
INFO: Run Behavior\ShowPageTraceBehavior [ RunTime:0.001000s ]
INFO: [ app_end ] --END-- [ RunTime:0.002000s ]

