[ 2016-08-01T15:16:09+08:00 ] ::1 /pushServer/index.php
INFO: [ app_init ] --START--
INFO: Run Behavior\BuildLiteBehavior [ RunTime:0.000000s ]
INFO: [ app_init ] --END-- [ RunTime:0.000000s ]
INFO: [ app_begin ] --START--
INFO: Run Behavior\ReadHtmlCacheBehavior [ RunTime:0.000000s ]
INFO: [ app_begin ] --END-- [ RunTime:0.000000s ]
INFO: [ view_parse ] --START--
INFO: [ template_filter ] --START--
INFO: Run Behavior\ContentReplaceBehavior [ RunTime:0.000000s ]
INFO: [ template_filter ] --END-- [ RunTime:0.000000s ]
INFO: Run Behavior\ParseTemplateBehavior [ RunTime:0.011001s ]
INFO: [ view_parse ] --END-- [ RunTime:0.011001s ]
INFO: [ view_filter ] --START--
INFO: Run Behavior\WriteHtmlCacheBehavior [ RunTime:0.000000s ]
INFO: [ view_filter ] --END-- [ RunTime:0.000000s ]
INFO: [ app_end ] --START--
INFO: Run Behavior\ShowPageTraceBehavior [ RunTime:0.000000s ]
INFO: [ app_end ] --END-- [ RunTime:0.000000s ]

[ 2016-08-01T15:16:15+08:00 ] ::1 /pushServer/index.php/Home/Index/checkid
INFO: [ app_init ] --START--
INFO: Run Behavior\BuildLiteBehavior [ RunTime:0.000000s ]
INFO: [ app_init ] --END-- [ RunTime:0.000000s ]
INFO: [ app_begin ] --START--
INFO: Run Behavior\ReadHtmlCacheBehavior [ RunTime:0.000000s ]
INFO: [ app_begin ] --END-- [ RunTime:0.000000s ]
SQL: SHOW COLUMNS FROM `km_user` [ RunTime:0.0050s ]
SQL: SELECT * FROM `km_user` WHERE ( Username='123' and PassWord='202cb962ac59075b964b07152d234b70' ) LIMIT 1   [ RunTime:0.0010s ]
INFO: [ app_end ] --START--
INFO: Run Behavior\ShowPageTraceBehavior [ RunTime:0.001000s ]
INFO: [ app_end ] --END-- [ RunTime:0.001000s ]

[ 2016-08-01T15:16:15+08:00 ] ::1 /pushServer/index.php/Home/Index/info
INFO: [ app_init ] --START--
INFO: Run Behavior\BuildLiteBehavior [ RunTime:0.000000s ]
INFO: [ app_init ] --END-- [ RunTime:0.000000s ]
INFO: [ app_begin ] --START--
INFO: Run Behavior\ReadHtmlCacheBehavior [ RunTime:0.000000s ]
INFO: [ app_begin ] --END-- [ RunTime:0.000000s ]
INFO: [ view_parse ] --START--
INFO: [ template_filter ] --START--
INFO: Run Behavior\ContentReplaceBehavior [ RunTime:0.000000s ]
INFO: [ template_filter ] --END-- [ RunTime:0.000000s ]
INFO: Run Behavior\ParseTemplateBehavior [ RunTime:0.003000s ]
INFO: [ view_parse ] --END-- [ RunTime:0.003000s ]
INFO: [ view_filter ] --START--
INFO: Run Behavior\WriteHtmlCacheBehavior [ RunTime:0.000000s ]
INFO: [ view_filter ] --END-- [ RunTime:0.000000s ]
INFO: [ app_end ] --START--
INFO: Run Behavior\ShowPageTraceBehavior [ RunTime:0.000000s ]
INFO: [ app_end ] --END-- [ RunTime:0.000000s ]

[ 2016-08-01T15:16:17+08:00 ] ::1 /pushServer/index.php/Home/GetInfo/getALLPushNum
INFO: [ app_init ] --START--
INFO: Run Behavior\BuildLiteBehavior [ RunTime:0.000000s ]
INFO: [ app_init ] --END-- [ RunTime:0.000000s ]
INFO: [ app_begin ] --START--
INFO: Run Behavior\ReadHtmlCacheBehavior [ RunTime:0.000000s ]
INFO: [ app_begin ] --END-- [ RunTime:0.000000s ]
SQL: SHOW COLUMNS FROM `km_push_mo` [ RunTime:0.0050s ]
SQL: SELECT * FROM `km_push_mo` WHERE ( ''<= date AND flat = 'JAVA' )  [ RunTime:0.0020s ]
SQL: SELECT * FROM `km_push_mo` WHERE ( ''<= date AND flat = 'kmbackground' )  [ RunTime:0.0020s ]
SQL: SELECT * FROM `km_push_mo` WHERE ( ''<= date AND flat = 'kmgate' )  [ RunTime:0.0020s ]
SQL: SELECT * FROM `km_push_mo` WHERE ( ''<= date AND flat = 'kmhttpapi' )  [ RunTime:0.0020s ]
SQL: SELECT * FROM `km_push_mo` WHERE ( ''<= date AND flat = 'kmcompany' )  [ RunTime:0.0020s ]
SQL: SELECT * FROM `km_push_mo` WHERE ( ''<= date AND flat = 'Mozilla' )  [ RunTime:0.0020s ]
SQL: SHOW COLUMNS FROM `km_push_num` [ RunTime:0.0050s ]
SQL: SELECT * FROM `km_push_num` WHERE ( ''<=date )  [ RunTime:0.0020s ]
INFO: [ app_end ] --START--
INFO: Run Behavior\ShowPageTraceBehavior [ RunTime:0.001000s ]
INFO: [ app_end ] --END-- [ RunTime:0.001000s ]

[ 2016-08-01T15:16:17+08:00 ] ::1 /pushServer/index.php/Home/GetInfo/getPushTime
INFO: [ app_init ] --START--
INFO: Run Behavior\BuildLiteBehavior [ RunTime:0.000000s ]
INFO: [ app_init ] --END-- [ RunTime:0.000000s ]
INFO: [ app_begin ] --START--
INFO: Run Behavior\ReadHtmlCacheBehavior [ RunTime:0.000000s ]
INFO: [ app_begin ] --END-- [ RunTime:0.000000s ]
SQL: SHOW COLUMNS FROM `km_push_time` [ RunTime:0.0050s ]
SQL: SELECT sum(from0to1) as a,sum(from1to5) as b,sum(from5to10) as c,sum(from10to30) as d,sum(from30to60) as e,sum(than60) as f,sum(noanswer) as g FROM `km_push_time` WHERE ( ''<=date )  [ RunTime:0.0010s ]
INFO: [ app_end ] --START--
INFO: Run Behavior\ShowPageTraceBehavior [ RunTime:0.001000s ]
INFO: [ app_end ] --END-- [ RunTime:0.001000s ]

[ 2016-08-01T15:16:17+08:00 ] ::1 /pushServer/index.php/Home/GetInfo/getHotPoin
INFO: [ app_init ] --START--
INFO: Run Behavior\BuildLiteBehavior [ RunTime:0.000000s ]
INFO: [ app_init ] --END-- [ RunTime:0.000000s ]
INFO: [ app_begin ] --START--
INFO: Run Behavior\ReadHtmlCacheBehavior [ RunTime:0.000000s ]
INFO: [ app_begin ] --END-- [ RunTime:0.000000s ]
SQL: SHOW COLUMNS FROM `km_hot_poin` [ RunTime:0.0040s ]
SQL: select city,sum(hotNum) as hotNum from (SELECT city,sum(hotNum) as hotNum,date FROM km_hot_poin group by city,date) a where date>='' group by city [ RunTime:0.0030s ]
INFO: [ app_end ] --START--
INFO: Run Behavior\ShowPageTraceBehavior [ RunTime:0.000000s ]
INFO: [ app_end ] --END-- [ RunTime:0.000000s ]

[ 2016-08-01T15:16:18+08:00 ] ::1 /pushServer/index.php/Home/GetInfo/getPushMo
INFO: [ app_init ] --START--
INFO: Run Behavior\BuildLiteBehavior [ RunTime:0.000000s ]
INFO: [ app_init ] --END-- [ RunTime:0.001000s ]
INFO: [ app_begin ] --START--
INFO: Run Behavior\ReadHtmlCacheBehavior [ RunTime:0.000000s ]
INFO: [ app_begin ] --END-- [ RunTime:0.000000s ]
SQL: SHOW COLUMNS FROM `km_push_mo` [ RunTime:0.0050s ]
SQL: SELECT `flat`,sum(pushnum) as num FROM `km_push_mo` WHERE ( ''<=date ) GROUP BY flat  [ RunTime:0.0010s ]
INFO: [ app_end ] --START--
INFO: Run Behavior\ShowPageTraceBehavior [ RunTime:0.001000s ]
INFO: [ app_end ] --END-- [ RunTime:0.001000s ]

[ 2016-08-01T15:16:18+08:00 ] ::1 /pushServer/index.php/Home/GetInfo/getTableInfo
INFO: [ app_init ] --START--
INFO: Run Behavior\BuildLiteBehavior [ RunTime:0.000000s ]
INFO: [ app_init ] --END-- [ RunTime:0.000000s ]
INFO: [ app_begin ] --START--
INFO: Run Behavior\ReadHtmlCacheBehavior [ RunTime:0.001000s ]
INFO: [ app_begin ] --END-- [ RunTime:0.001000s ]
SQL: SHOW COLUMNS FROM `km_all_info` [ RunTime:0.0040s ]
SQL: SELECT * FROM `km_all_info` WHERE ( ''<=pushTime ) LIMIT 100   [ RunTime:0.0030s ]
INFO: [ app_end ] --START--
INFO: Run Behavior\ShowPageTraceBehavior [ RunTime:0.001000s ]
INFO: [ app_end ] --END-- [ RunTime:0.001000s ]

[ 2016-08-01T15:16:21+08:00 ] ::1 /pushServer/index.php/Home/CompanyInfo/getInfo?companyid=00116
INFO: [ app_init ] --START--
INFO: Run Behavior\BuildLiteBehavior [ RunTime:0.000000s ]
INFO: [ app_init ] --END-- [ RunTime:0.000000s ]
INFO: [ app_begin ] --START--
INFO: Run Behavior\ReadHtmlCacheBehavior [ RunTime:0.000000s ]
INFO: [ app_begin ] --END-- [ RunTime:0.000000s ]
SQL: SHOW COLUMNS FROM `km_tbl_mqlog` [ RunTime:0.0070s ]
SQL: SELECT companycode,convert(CreateTime,date) as date,max(TIMESTAMPDIFF(SECOND,CreateTime,ReceiveTime)) as max,min(TIMESTAMPDIFF(SECOND,CreateTime,ReceiveTime)) as min,avg(TIMESTAMPDIFF(SECOND,CreateTime,ReceiveTime)) as avg FROM kmgate.km_tbl_mqlog where companycode='00116' group by convert(CreateTime,date); [ RunTime:0.0020s ]
INFO: [ view_parse ] --START--
INFO: [ template_filter ] --START--
INFO: Run Behavior\ContentReplaceBehavior [ RunTime:0.000000s ]
INFO: [ template_filter ] --END-- [ RunTime:0.000000s ]
INFO: Run Behavior\ParseTemplateBehavior [ RunTime:0.006000s ]
INFO: [ view_parse ] --END-- [ RunTime:0.006000s ]
INFO: [ view_filter ] --START--
INFO: Run Behavior\WriteHtmlCacheBehavior [ RunTime:0.000000s ]
INFO: [ view_filter ] --END-- [ RunTime:0.000000s ]
INFO: [ app_end ] --START--
INFO: Run Behavior\ShowPageTraceBehavior [ RunTime:0.001000s ]
INFO: [ app_end ] --END-- [ RunTime:0.001000s ]

[ 2016-08-01T15:18:58+08:00 ] ::1 /pushServer/index.php/Home/CompanyInfo/getInfo?companyid=00116
INFO: [ app_init ] --START--
INFO: Run Behavior\BuildLiteBehavior [ RunTime:0.000000s ]
INFO: [ app_init ] --END-- [ RunTime:0.001000s ]
INFO: [ app_begin ] --START--
INFO: Run Behavior\ReadHtmlCacheBehavior [ RunTime:0.000000s ]
INFO: [ app_begin ] --END-- [ RunTime:0.000000s ]
SQL: SHOW COLUMNS FROM `km_tbl_mqlog` [ RunTime:0.0050s ]
SQL: SELECT companycode,convert(CreateTime,date) as date,max(TIMESTAMPDIFF(SECOND,CreateTime,ReceiveTime)) as max,min(TIMESTAMPDIFF(SECOND,CreateTime,ReceiveTime)) as min,avg(TIMESTAMPDIFF(SECOND,CreateTime,ReceiveTime)) as avg FROM kmgate.km_tbl_mqlog where companycode='00116' group by convert(CreateTime,date); [ RunTime:0.0020s ]
INFO: [ view_parse ] --START--
INFO: [ template_filter ] --START--
INFO: Run Behavior\ContentReplaceBehavior [ RunTime:0.000000s ]
INFO: [ template_filter ] --END-- [ RunTime:0.000000s ]
INFO: Run Behavior\ParseTemplateBehavior [ RunTime:0.009000s ]
INFO: [ view_parse ] --END-- [ RunTime:0.009000s ]
INFO: [ view_filter ] --START--
INFO: Run Behavior\WriteHtmlCacheBehavior [ RunTime:0.000000s ]
INFO: [ view_filter ] --END-- [ RunTime:0.000000s ]
INFO: [ app_end ] --START--
INFO: Run Behavior\ShowPageTraceBehavior [ RunTime:0.000000s ]
INFO: [ app_end ] --END-- [ RunTime:0.000000s ]

[ 2016-08-01T15:19:46+08:00 ] ::1 /pushServer/index.php/Home/CompanyInfo/getInfo?companyid=00116
INFO: [ app_init ] --START--
INFO: Run Behavior\BuildLiteBehavior [ RunTime:0.000000s ]
INFO: [ app_init ] --END-- [ RunTime:0.000000s ]
INFO: [ app_begin ] --START--
INFO: Run Behavior\ReadHtmlCacheBehavior [ RunTime:0.001000s ]
INFO: [ app_begin ] --END-- [ RunTime:0.001000s ]
SQL: SHOW COLUMNS FROM `km_tbl_mqlog` [ RunTime:0.0050s ]
SQL: SELECT companycode,convert(CreateTime,date) as date,max(TIMESTAMPDIFF(SECOND,CreateTime,ReceiveTime)) as max,min(TIMESTAMPDIFF(SECOND,CreateTime,ReceiveTime)) as min,avg(TIMESTAMPDIFF(SECOND,CreateTime,ReceiveTime)) as avg FROM kmgate.km_tbl_mqlog where companycode='00116' group by convert(CreateTime,date); [ RunTime:0.0020s ]
INFO: [ view_parse ] --START--
INFO: [ template_filter ] --START--
INFO: Run Behavior\ContentReplaceBehavior [ RunTime:0.001000s ]
INFO: [ template_filter ] --END-- [ RunTime:0.001000s ]
INFO: Run Behavior\ParseTemplateBehavior [ RunTime:0.005000s ]
INFO: [ view_parse ] --END-- [ RunTime:0.005000s ]
INFO: [ view_filter ] --START--
INFO: Run Behavior\WriteHtmlCacheBehavior [ RunTime:0.001000s ]
INFO: [ view_filter ] --END-- [ RunTime:0.001000s ]
INFO: [ app_end ] --START--
INFO: Run Behavior\ShowPageTraceBehavior [ RunTime:0.000000s ]
INFO: [ app_end ] --END-- [ RunTime:0.000000s ]

[ 2016-08-01T15:20:07+08:00 ] ::1 /pushServer/index.php/Home/CompanyInfo/getInfo?companyid=00116
INFO: [ app_init ] --START--
INFO: Run Behavior\BuildLiteBehavior [ RunTime:0.000000s ]
INFO: [ app_init ] --END-- [ RunTime:0.000000s ]
INFO: [ app_begin ] --START--
INFO: Run Behavior\ReadHtmlCacheBehavior [ RunTime:0.000000s ]
INFO: [ app_begin ] --END-- [ RunTime:0.000000s ]
SQL: SHOW COLUMNS FROM `km_tbl_mqlog` [ RunTime:0.0050s ]
SQL: SELECT companycode,convert(CreateTime,date) as date,max(TIMESTAMPDIFF(SECOND,CreateTime,ReceiveTime)) as max,min(TIMESTAMPDIFF(SECOND,CreateTime,ReceiveTime)) as min,avg(TIMESTAMPDIFF(SECOND,CreateTime,ReceiveTime)) as avg FROM kmgate.km_tbl_mqlog where companycode='00116' group by convert(CreateTime,date); [ RunTime:0.0020s ]
INFO: [ view_parse ] --START--
INFO: [ template_filter ] --START--
INFO: Run Behavior\ContentReplaceBehavior [ RunTime:0.000000s ]
INFO: [ template_filter ] --END-- [ RunTime:0.000000s ]
INFO: Run Behavior\ParseTemplateBehavior [ RunTime:0.004000s ]
INFO: [ view_parse ] --END-- [ RunTime:0.004000s ]
INFO: [ view_filter ] --START--
INFO: Run Behavior\WriteHtmlCacheBehavior [ RunTime:0.000000s ]
INFO: [ view_filter ] --END-- [ RunTime:0.000000s ]
INFO: [ app_end ] --START--
INFO: Run Behavior\ShowPageTraceBehavior [ RunTime:0.000000s ]
INFO: [ app_end ] --END-- [ RunTime:0.000000s ]

[ 2016-08-01T15:20:17+08:00 ] ::1 /pushServer/index.php/Home/CompanyInfo/getInfo?companyid=00116
INFO: [ app_init ] --START--
INFO: Run Behavior\BuildLiteBehavior [ RunTime:0.001000s ]
INFO: [ app_init ] --END-- [ RunTime:0.001000s ]
INFO: [ app_begin ] --START--
INFO: Run Behavior\ReadHtmlCacheBehavior [ RunTime:0.000000s ]
INFO: [ app_begin ] --END-- [ RunTime:0.000000s ]
SQL: SHOW COLUMNS FROM `km_tbl_mqlog` [ RunTime:0.0060s ]
SQL: SELECT companycode,convert(CreateTime,date) as date,max(TIMESTAMPDIFF(SECOND,CreateTime,ReceiveTime)) as max,min(TIMESTAMPDIFF(SECOND,CreateTime,ReceiveTime)) as min,avg(TIMESTAMPDIFF(SECOND,CreateTime,ReceiveTime)) as avg FROM kmgate.km_tbl_mqlog where companycode='00116' group by convert(CreateTime,date); [ RunTime:0.0020s ]
INFO: [ view_parse ] --START--
INFO: [ template_filter ] --START--
INFO: Run Behavior\ContentReplaceBehavior [ RunTime:0.000000s ]
INFO: [ template_filter ] --END-- [ RunTime:0.000000s ]
INFO: Run Behavior\ParseTemplateBehavior [ RunTime:0.004000s ]
INFO: [ view_parse ] --END-- [ RunTime:0.004000s ]
INFO: [ view_filter ] --START--
INFO: Run Behavior\WriteHtmlCacheBehavior [ RunTime:0.000000s ]
INFO: [ view_filter ] --END-- [ RunTime:0.000000s ]
INFO: [ app_end ] --START--
INFO: Run Behavior\ShowPageTraceBehavior [ RunTime:0.000000s ]
INFO: [ app_end ] --END-- [ RunTime:0.000000s ]

[ 2016-08-01T15:20:28+08:00 ] ::1 /pushServer/index.php/Home/CompanyInfo/getInfo?companyid=00116
INFO: [ app_init ] --START--
INFO: Run Behavior\BuildLiteBehavior [ RunTime:0.001000s ]
INFO: [ app_init ] --END-- [ RunTime:0.001000s ]
INFO: [ app_begin ] --START--
INFO: Run Behavior\ReadHtmlCacheBehavior [ RunTime:0.001001s ]
INFO: [ app_begin ] --END-- [ RunTime:0.001001s ]
SQL: SHOW COLUMNS FROM `km_tbl_mqlog` [ RunTime:0.0050s ]
SQL: SELECT companycode,convert(CreateTime,date) as date,max(TIMESTAMPDIFF(SECOND,CreateTime,ReceiveTime)) as max,min(TIMESTAMPDIFF(SECOND,CreateTime,ReceiveTime)) as min,avg(TIMESTAMPDIFF(SECOND,CreateTime,ReceiveTime)) as avg FROM kmgate.km_tbl_mqlog where companycode='00116' group by convert(CreateTime,date); [ RunTime:0.0020s ]
INFO: [ view_parse ] --START--
INFO: [ template_filter ] --START--
INFO: Run Behavior\ContentReplaceBehavior [ RunTime:0.000000s ]
INFO: [ template_filter ] --END-- [ RunTime:0.000000s ]
INFO: Run Behavior\ParseTemplateBehavior [ RunTime:0.003001s ]
INFO: [ view_parse ] --END-- [ RunTime:0.003001s ]
INFO: [ view_filter ] --START--
INFO: Run Behavior\WriteHtmlCacheBehavior [ RunTime:0.000000s ]
INFO: [ view_filter ] --END-- [ RunTime:0.000000s ]
INFO: [ app_end ] --START--
INFO: Run Behavior\ShowPageTraceBehavior [ RunTime:0.000000s ]
INFO: [ app_end ] --END-- [ RunTime:0.000000s ]

[ 2016-08-01T15:21:20+08:00 ] ::1 /pushServer/index.php/Home/CompanyInfo/getInfo?companyid=00116
INFO: [ app_init ] --START--
INFO: Run Behavior\BuildLiteBehavior [ RunTime:0.000000s ]
INFO: [ app_init ] --END-- [ RunTime:0.001000s ]
INFO: [ app_begin ] --START--
INFO: Run Behavior\ReadHtmlCacheBehavior [ RunTime:0.000000s ]
INFO: [ app_begin ] --END-- [ RunTime:0.000000s ]
SQL: SHOW COLUMNS FROM `km_tbl_mqlog` [ RunTime:0.0060s ]
SQL: SELECT companycode,convert(CreateTime,date) as date,max(TIMESTAMPDIFF(SECOND,CreateTime,ReceiveTime)) as max,min(TIMESTAMPDIFF(SECOND,CreateTime,ReceiveTime)) as min,avg(TIMESTAMPDIFF(SECOND,CreateTime,ReceiveTime)) as avg FROM kmgate.km_tbl_mqlog where companycode='00116' group by convert(CreateTime,date); [ RunTime:0.0020s ]
INFO: [ view_parse ] --START--
INFO: [ template_filter ] --START--
INFO: Run Behavior\ContentReplaceBehavior [ RunTime:0.000000s ]
INFO: [ template_filter ] --END-- [ RunTime:0.000000s ]
INFO: Run Behavior\ParseTemplateBehavior [ RunTime:0.003001s ]
INFO: [ view_parse ] --END-- [ RunTime:0.003001s ]
INFO: [ view_filter ] --START--
INFO: Run Behavior\WriteHtmlCacheBehavior [ RunTime:0.000000s ]
INFO: [ view_filter ] --END-- [ RunTime:0.000000s ]
INFO: [ app_end ] --START--
INFO: Run Behavior\ShowPageTraceBehavior [ RunTime:0.000000s ]
INFO: [ app_end ] --END-- [ RunTime:0.000000s ]

[ 2016-08-01T15:22:34+08:00 ] ::1 /pushServer/index.php/Home/CompanyInfo/getInfo?companyid=00116
INFO: [ app_init ] --START--
INFO: Run Behavior\BuildLiteBehavior [ RunTime:0.000000s ]
INFO: [ app_init ] --END-- [ RunTime:0.000000s ]
INFO: [ app_begin ] --START--
INFO: Run Behavior\ReadHtmlCacheBehavior [ RunTime:0.000000s ]
INFO: [ app_begin ] --END-- [ RunTime:0.000000s ]
SQL: SHOW COLUMNS FROM `km_tbl_mqlog` [ RunTime:0.0050s ]
SQL: SELECT companycode,convert(CreateTime,date) as date,max(TIMESTAMPDIFF(SECOND,CreateTime,ReceiveTime)) as max,min(TIMESTAMPDIFF(SECOND,CreateTime,ReceiveTime)) as min,avg(TIMESTAMPDIFF(SECOND,CreateTime,ReceiveTime)) as avg FROM kmgate.km_tbl_mqlog where companycode='00116' group by convert(CreateTime,date); [ RunTime:0.0020s ]
INFO: [ view_parse ] --START--
INFO: [ template_filter ] --START--
INFO: Run Behavior\ContentReplaceBehavior [ RunTime:0.001000s ]
INFO: [ template_filter ] --END-- [ RunTime:0.001000s ]
INFO: Run Behavior\ParseTemplateBehavior [ RunTime:0.004000s ]
INFO: [ view_parse ] --END-- [ RunTime:0.004000s ]
INFO: [ view_filter ] --START--
INFO: Run Behavior\WriteHtmlCacheBehavior [ RunTime:0.000000s ]
INFO: [ view_filter ] --END-- [ RunTime:0.000000s ]
INFO: [ app_end ] --START--
INFO: Run Behavior\ShowPageTraceBehavior [ RunTime:0.001000s ]
INFO: [ app_end ] --END-- [ RunTime:0.001000s ]

[ 2016-08-01T15:24:05+08:00 ] ::1 /pushServer/index.php/Home/CompanyInfo/getInfo?companyid=00116
INFO: [ app_init ] --START--
INFO: Run Behavior\BuildLiteBehavior [ RunTime:0.000000s ]
INFO: [ app_init ] --END-- [ RunTime:0.000000s ]
INFO: [ app_begin ] --START--
INFO: Run Behavior\ReadHtmlCacheBehavior [ RunTime:0.000000s ]
INFO: [ app_begin ] --END-- [ RunTime:0.000000s ]
SQL: SHOW COLUMNS FROM `km_tbl_mqlog` [ RunTime:0.0060s ]
SQL: SELECT companycode,convert(CreateTime,date) as date,max(TIMESTAMPDIFF(SECOND,CreateTime,ReceiveTime)) as max,min(TIMESTAMPDIFF(SECOND,CreateTime,ReceiveTime)) as min,avg(TIMESTAMPDIFF(SECOND,CreateTime,ReceiveTime)) as avg FROM kmgate.km_tbl_mqlog where companycode='00116' group by convert(CreateTime,date); [ RunTime:0.0020s ]
INFO: [ view_parse ] --START--
INFO: [ template_filter ] --START--
INFO: Run Behavior\ContentReplaceBehavior [ RunTime:0.000000s ]
INFO: [ template_filter ] --END-- [ RunTime:0.000000s ]
INFO: Run Behavior\ParseTemplateBehavior [ RunTime:0.002000s ]
INFO: [ view_parse ] --END-- [ RunTime:0.002000s ]
INFO: [ view_filter ] --START--
INFO: Run Behavior\WriteHtmlCacheBehavior [ RunTime:0.000000s ]
INFO: [ view_filter ] --END-- [ RunTime:0.000000s ]
INFO: [ app_end ] --START--
INFO: Run Behavior\ShowPageTraceBehavior [ RunTime:0.000000s ]
INFO: [ app_end ] --END-- [ RunTime:0.000000s ]

[ 2016-08-01T15:25:54+08:00 ] ::1 /pushServer/index.php/Home/CompanyInfo/getInfo?companyid=00116
INFO: [ app_init ] --START--
INFO: Run Behavior\BuildLiteBehavior [ RunTime:0.000000s ]
INFO: [ app_init ] --END-- [ RunTime:0.001000s ]
INFO: [ app_begin ] --START--
INFO: Run Behavior\ReadHtmlCacheBehavior [ RunTime:0.001000s ]
INFO: [ app_begin ] --END-- [ RunTime:0.001000s ]
SQL: SHOW COLUMNS FROM `km_tbl_mqlog` [ RunTime:0.0050s ]
SQL: SELECT companycode,convert(CreateTime,date) as date,max(TIMESTAMPDIFF(SECOND,CreateTime,ReceiveTime)) as max,min(TIMESTAMPDIFF(SECOND,CreateTime,ReceiveTime)) as min,avg(TIMESTAMPDIFF(SECOND,CreateTime,ReceiveTime)) as avg FROM kmgate.km_tbl_mqlog where companycode='00116' group by convert(CreateTime,date); [ RunTime:0.0020s ]
INFO: [ view_parse ] --START--
INFO: [ template_filter ] --START--
INFO: Run Behavior\ContentReplaceBehavior [ RunTime:0.000000s ]
INFO: [ template_filter ] --END-- [ RunTime:0.000000s ]
INFO: Run Behavior\ParseTemplateBehavior [ RunTime:0.008000s ]
INFO: [ view_parse ] --END-- [ RunTime:0.008000s ]
INFO: [ view_filter ] --START--
INFO: Run Behavior\WriteHtmlCacheBehavior [ RunTime:0.000000s ]
INFO: [ view_filter ] --END-- [ RunTime:0.000000s ]
INFO: [ app_end ] --START--
INFO: Run Behavior\ShowPageTraceBehavior [ RunTime:0.000000s ]
INFO: [ app_end ] --END-- [ RunTime:0.000000s ]

[ 2016-08-01T15:29:29+08:00 ] ::1 /pushServer/index.php/Home/CompanyInfo/getInfo?companyid=00116
INFO: [ app_init ] --START--
INFO: Run Behavior\BuildLiteBehavior [ RunTime:0.000000s ]
INFO: [ app_init ] --END-- [ RunTime:0.000000s ]
INFO: [ app_begin ] --START--
INFO: Run Behavior\ReadHtmlCacheBehavior [ RunTime:0.001000s ]
INFO: [ app_begin ] --END-- [ RunTime:0.001000s ]
SQL: SHOW COLUMNS FROM `km_tbl_mqlog` [ RunTime:0.0050s ]
SQL: SELECT companycode,convert(CreateTime,date) as date,max(TIMESTAMPDIFF(SECOND,CreateTime,ReceiveTime)) as max,min(TIMESTAMPDIFF(SECOND,CreateTime,ReceiveTime)) as min,avg(TIMESTAMPDIFF(SECOND,CreateTime,ReceiveTime)) as avg FROM kmgate.km_tbl_mqlog where companycode='00116' group by convert(CreateTime,date); [ RunTime:0.0020s ]
INFO: [ view_parse ] --START--
INFO: [ template_filter ] --START--
INFO: Run Behavior\ContentReplaceBehavior [ RunTime:0.000000s ]
INFO: [ template_filter ] --END-- [ RunTime:0.000000s ]
INFO: Run Behavior\ParseTemplateBehavior [ RunTime:0.003000s ]
INFO: [ view_parse ] --END-- [ RunTime:0.003000s ]
INFO: [ view_filter ] --START--
INFO: Run Behavior\WriteHtmlCacheBehavior [ RunTime:0.000000s ]
INFO: [ view_filter ] --END-- [ RunTime:0.000000s ]
INFO: [ app_end ] --START--
INFO: Run Behavior\ShowPageTraceBehavior [ RunTime:0.001000s ]
INFO: [ app_end ] --END-- [ RunTime:0.001000s ]

[ 2016-08-01T15:30:27+08:00 ] 127.0.0.1 /pushServer/
INFO: [ app_init ] --START--
INFO: Run Behavior\BuildLiteBehavior [ RunTime:0.000000s ]
INFO: [ app_init ] --END-- [ RunTime:0.000000s ]
INFO: [ app_begin ] --START--
INFO: Run Behavior\ReadHtmlCacheBehavior [ RunTime:0.000000s ]
INFO: [ app_begin ] --END-- [ RunTime:0.000000s ]
INFO: [ view_parse ] --START--
INFO: [ template_filter ] --START--
INFO: Run Behavior\ContentReplaceBehavior [ RunTime:0.000000s ]
INFO: [ template_filter ] --END-- [ RunTime:0.000000s ]
INFO: Run Behavior\ParseTemplateBehavior [ RunTime:0.002000s ]
INFO: [ view_parse ] --END-- [ RunTime:0.002000s ]
INFO: [ view_filter ] --START--
INFO: Run Behavior\WriteHtmlCacheBehavior [ RunTime:0.000000s ]
INFO: [ view_filter ] --END-- [ RunTime:0.000000s ]
INFO: [ app_end ] --START--
INFO: Run Behavior\ShowPageTraceBehavior [ RunTime:0.000000s ]
INFO: [ app_end ] --END-- [ RunTime:0.001000s ]

[ 2016-08-01T15:30:33+08:00 ] 127.0.0.1 /pushServer/index.php/Home/Index/checkid
INFO: [ app_init ] --START--
INFO: Run Behavior\BuildLiteBehavior [ RunTime:0.000000s ]
INFO: [ app_init ] --END-- [ RunTime:0.000000s ]
INFO: [ app_begin ] --START--
INFO: Run Behavior\ReadHtmlCacheBehavior [ RunTime:0.001000s ]
INFO: [ app_begin ] --END-- [ RunTime:0.001000s ]
SQL: SHOW COLUMNS FROM `km_user` [ RunTime:0.0230s ]
SQL: SELECT * FROM `km_user` WHERE ( Username='123' and PassWord='202cb962ac59075b964b07152d234b70' ) LIMIT 1   [ RunTime:0.0020s ]
INFO: [ app_end ] --START--
INFO: Run Behavior\ShowPageTraceBehavior [ RunTime:0.000000s ]
INFO: [ app_end ] --END-- [ RunTime:0.000000s ]

[ 2016-08-01T15:30:33+08:00 ] 127.0.0.1 /pushServer/index.php/Home/Index/info
INFO: [ app_init ] --START--
INFO: Run Behavior\BuildLiteBehavior [ RunTime:0.000000s ]
INFO: [ app_init ] --END-- [ RunTime:0.001000s ]
INFO: [ app_begin ] --START--
INFO: Run Behavior\ReadHtmlCacheBehavior [ RunTime:0.001000s ]
INFO: [ app_begin ] --END-- [ RunTime:0.001000s ]
INFO: [ view_parse ] --START--
INFO: [ template_filter ] --START--
INFO: Run Behavior\ContentReplaceBehavior [ RunTime:0.000000s ]
INFO: [ template_filter ] --END-- [ RunTime:0.000000s ]
INFO: Run Behavior\ParseTemplateBehavior [ RunTime:0.006000s ]
INFO: [ view_parse ] --END-- [ RunTime:0.006000s ]
INFO: [ view_filter ] --START--
INFO: Run Behavior\WriteHtmlCacheBehavior [ RunTime:0.000000s ]
INFO: [ view_filter ] --END-- [ RunTime:0.000000s ]
INFO: [ app_end ] --START--
INFO: Run Behavior\ShowPageTraceBehavior [ RunTime:0.001000s ]
INFO: [ app_end ] --END-- [ RunTime:0.001000s ]

[ 2016-08-01T15:30:34+08:00 ] 127.0.0.1 /pushServer/index.php/Home/GetInfo/getALLPushNum
INFO: [ app_init ] --START--
INFO: Run Behavior\BuildLiteBehavior [ RunTime:0.000000s ]
INFO: [ app_init ] --END-- [ RunTime:0.001001s ]
INFO: [ app_begin ] --START--
INFO: Run Behavior\ReadHtmlCacheBehavior [ RunTime:0.001000s ]
INFO: [ app_begin ] --END-- [ RunTime:0.001000s ]
SQL: SHOW COLUMNS FROM `km_push_mo` [ RunTime:0.0050s ]
SQL: SELECT * FROM `km_push_mo` WHERE ( ''<= date AND flat = 'JAVA' )  [ RunTime:0.0010s ]
SQL: SELECT * FROM `km_push_mo` WHERE ( ''<= date AND flat = 'kmbackground' )  [ RunTime:0.0020s ]
SQL: SELECT * FROM `km_push_mo` WHERE ( ''<= date AND flat = 'kmgate' )  [ RunTime:0.0020s ]
SQL: SELECT * FROM `km_push_mo` WHERE ( ''<= date AND flat = 'kmhttpapi' )  [ RunTime:0.0020s ]
SQL: SELECT * FROM `km_push_mo` WHERE ( ''<= date AND flat = 'kmcompany' )  [ RunTime:0.0010s ]
SQL: SELECT * FROM `km_push_mo` WHERE ( ''<= date AND flat = 'Mozilla' )  [ RunTime:0.0020s ]
SQL: SHOW COLUMNS FROM `km_push_num` [ RunTime:0.0040s ]
SQL: SELECT * FROM `km_push_num` WHERE ( ''<=date )  [ RunTime:0.0020s ]
INFO: [ app_end ] --START--
INFO: Run Behavior\ShowPageTraceBehavior [ RunTime:0.000000s ]
INFO: [ app_end ] --END-- [ RunTime:0.000000s ]

[ 2016-08-01T15:30:35+08:00 ] 127.0.0.1 /pushServer/index.php/Home/GetInfo/getHotPoin
INFO: [ app_init ] --START--
INFO: Run Behavior\BuildLiteBehavior [ RunTime:0.000000s ]
INFO: [ app_init ] --END-- [ RunTime:0.001000s ]
INFO: [ app_begin ] --START--
INFO: Run Behavior\ReadHtmlCacheBehavior [ RunTime:0.000000s ]
INFO: [ app_begin ] --END-- [ RunTime:0.000000s ]
SQL: SHOW COLUMNS FROM `km_hot_poin` [ RunTime:0.0050s ]
SQL: select city,sum(hotNum) as hotNum from (SELECT city,sum(hotNum) as hotNum,date FROM km_hot_poin group by city,date) a where date>='' group by city [ RunTime:0.0030s ]
INFO: [ app_end ] --START--
INFO: Run Behavior\ShowPageTraceBehavior [ RunTime:0.000000s ]
INFO: [ app_end ] --END-- [ RunTime:0.000000s ]

[ 2016-08-01T15:30:35+08:00 ] 127.0.0.1 /pushServer/index.php/Home/GetInfo/getPushTime
INFO: [ app_init ] --START--
INFO: Run Behavior\BuildLiteBehavior [ RunTime:0.000000s ]
INFO: [ app_init ] --END-- [ RunTime:0.001000s ]
INFO: [ app_begin ] --START--
INFO: Run Behavior\ReadHtmlCacheBehavior [ RunTime:0.000000s ]
INFO: [ app_begin ] --END-- [ RunTime:0.000000s ]
SQL: SHOW COLUMNS FROM `km_push_time` [ RunTime:0.0050s ]
SQL: SELECT sum(from0to1) as a,sum(from1to5) as b,sum(from5to10) as c,sum(from10to30) as d,sum(from30to60) as e,sum(than60) as f,sum(noanswer) as g FROM `km_push_time` WHERE ( ''<=date )  [ RunTime:0.0020s ]
INFO: [ app_end ] --START--
INFO: Run Behavior\ShowPageTraceBehavior [ RunTime:0.000000s ]
INFO: [ app_end ] --END-- [ RunTime:0.000000s ]

[ 2016-08-01T15:30:35+08:00 ] 127.0.0.1 /pushServer/index.php/Home/GetInfo/getPushMo
INFO: [ app_init ] --START--
INFO: Run Behavior\BuildLiteBehavior [ RunTime:0.000000s ]
INFO: [ app_init ] --END-- [ RunTime:0.000000s ]
INFO: [ app_begin ] --START--
INFO: Run Behavior\ReadHtmlCacheBehavior [ RunTime:0.000000s ]
INFO: [ app_begin ] --END-- [ RunTime:0.000000s ]
SQL: SHOW COLUMNS FROM `km_push_mo` [ RunTime:0.0040s ]
SQL: SELECT `flat`,sum(pushnum) as num FROM `km_push_mo` WHERE ( ''<=date ) GROUP BY flat  [ RunTime:0.0020s ]
INFO: [ app_end ] --START--
INFO: Run Behavior\ShowPageTraceBehavior [ RunTime:0.000000s ]
INFO: [ app_end ] --END-- [ RunTime:0.000000s ]

[ 2016-08-01T15:30:35+08:00 ] 127.0.0.1 /pushServer/index.php/Home/GetInfo/getTableInfo
INFO: [ app_init ] --START--
INFO: Run Behavior\BuildLiteBehavior [ RunTime:0.000000s ]
INFO: [ app_init ] --END-- [ RunTime:0.000000s ]
INFO: [ app_begin ] --START--
INFO: Run Behavior\ReadHtmlCacheBehavior [ RunTime:0.003000s ]
INFO: [ app_begin ] --END-- [ RunTime:0.003000s ]
SQL: SHOW COLUMNS FROM `km_all_info` [ RunTime:0.0050s ]
SQL: SELECT * FROM `km_all_info` WHERE ( ''<=pushTime ) LIMIT 100   [ RunTime:0.0030s ]
INFO: [ app_end ] --START--
INFO: Run Behavior\ShowPageTraceBehavior [ RunTime:0.001000s ]
INFO: [ app_end ] --END-- [ RunTime:0.001000s ]

[ 2016-08-01T15:30:38+08:00 ] 127.0.0.1 /pushServer/index.php/Home/CompanyInfo/getInfo?companyid=00116
INFO: [ app_init ] --START--
INFO: Run Behavior\BuildLiteBehavior [ RunTime:0.000000s ]
INFO: [ app_init ] --END-- [ RunTime:0.000000s ]
INFO: [ app_begin ] --START--
INFO: Run Behavior\ReadHtmlCacheBehavior [ RunTime:0.000000s ]
INFO: [ app_begin ] --END-- [ RunTime:0.000000s ]
SQL: SHOW COLUMNS FROM `km_tbl_mqlog` [ RunTime:0.0050s ]
SQL: SELECT companycode,convert(CreateTime,date) as date,max(TIMESTAMPDIFF(SECOND,CreateTime,ReceiveTime)) as max,min(TIMESTAMPDIFF(SECOND,CreateTime,ReceiveTime)) as min,avg(TIMESTAMPDIFF(SECOND,CreateTime,ReceiveTime)) as avg FROM kmgate.km_tbl_mqlog where companycode='00116' group by convert(CreateTime,date); [ RunTime:0.0020s ]
INFO: [ view_parse ] --START--
INFO: [ template_filter ] --START--
INFO: Run Behavior\ContentReplaceBehavior [ RunTime:0.000000s ]
INFO: [ template_filter ] --END-- [ RunTime:0.000000s ]
INFO: Run Behavior\ParseTemplateBehavior [ RunTime:0.010000s ]
INFO: [ view_parse ] --END-- [ RunTime:0.010000s ]
INFO: [ view_filter ] --START--
INFO: Run Behavior\WriteHtmlCacheBehavior [ RunTime:0.000000s ]
INFO: [ view_filter ] --END-- [ RunTime:0.000000s ]
INFO: [ app_end ] --START--
INFO: Run Behavior\ShowPageTraceBehavior [ RunTime:0.001000s ]
INFO: [ app_end ] --END-- [ RunTime:0.001000s ]

[ 2016-08-01T15:30:43+08:00 ] 127.0.0.1 /pushServer/index.php/Home/CompanyInfo/getInfo?companyid=00116
INFO: [ app_init ] --START--
INFO: Run Behavior\BuildLiteBehavior [ RunTime:0.000000s ]
INFO: [ app_init ] --END-- [ RunTime:0.001000s ]
INFO: [ app_begin ] --START--
INFO: Run Behavior\ReadHtmlCacheBehavior [ RunTime:0.001000s ]
INFO: [ app_begin ] --END-- [ RunTime:0.001000s ]
SQL: SHOW COLUMNS FROM `km_tbl_mqlog` [ RunTime:0.0070s ]
SQL: SELECT companycode,convert(CreateTime,date) as date,max(TIMESTAMPDIFF(SECOND,CreateTime,ReceiveTime)) as max,min(TIMESTAMPDIFF(SECOND,CreateTime,ReceiveTime)) as min,avg(TIMESTAMPDIFF(SECOND,CreateTime,ReceiveTime)) as avg FROM kmgate.km_tbl_mqlog where companycode='00116' group by convert(CreateTime,date); [ RunTime:0.0020s ]
INFO: [ view_parse ] --START--
INFO: [ template_filter ] --START--
INFO: Run Behavior\ContentReplaceBehavior [ RunTime:0.000000s ]
INFO: [ template_filter ] --END-- [ RunTime:0.000000s ]
INFO: Run Behavior\ParseTemplateBehavior [ RunTime:0.003000s ]
INFO: [ view_parse ] --END-- [ RunTime:0.003000s ]
INFO: [ view_filter ] --START--
INFO: Run Behavior\WriteHtmlCacheBehavior [ RunTime:0.000000s ]
INFO: [ view_filter ] --END-- [ RunTime:0.000000s ]
INFO: [ app_end ] --START--
INFO: Run Behavior\ShowPageTraceBehavior [ RunTime:0.001000s ]
INFO: [ app_end ] --END-- [ RunTime:0.001000s ]

[ 2016-08-01T15:30:57+08:00 ] 127.0.0.1 /pushServer/
INFO: [ app_init ] --START--
INFO: Run Behavior\BuildLiteBehavior [ RunTime:0.000000s ]
INFO: [ app_init ] --END-- [ RunTime:0.000000s ]
INFO: [ app_begin ] --START--
INFO: Run Behavior\ReadHtmlCacheBehavior [ RunTime:0.000000s ]
INFO: [ app_begin ] --END-- [ RunTime:0.000000s ]
INFO: [ view_parse ] --START--
INFO: [ template_filter ] --START--
INFO: Run Behavior\ContentReplaceBehavior [ RunTime:0.000000s ]
INFO: [ template_filter ] --END-- [ RunTime:0.000000s ]
INFO: Run Behavior\ParseTemplateBehavior [ RunTime:0.003000s ]
INFO: [ view_parse ] --END-- [ RunTime:0.003000s ]
INFO: [ view_filter ] --START--
INFO: Run Behavior\WriteHtmlCacheBehavior [ RunTime:0.000000s ]
INFO: [ view_filter ] --END-- [ RunTime:0.000000s ]
INFO: [ app_end ] --START--
INFO: Run Behavior\ShowPageTraceBehavior [ RunTime:0.000000s ]
INFO: [ app_end ] --END-- [ RunTime:0.000000s ]

[ 2016-08-01T15:31:00+08:00 ] 127.0.0.1 /pushServer/index.php/Home/Index/checkid
INFO: [ app_init ] --START--
INFO: Run Behavior\BuildLiteBehavior [ RunTime:0.000000s ]
INFO: [ app_init ] --END-- [ RunTime:0.000000s ]
INFO: [ app_begin ] --START--
INFO: Run Behavior\ReadHtmlCacheBehavior [ RunTime:0.000000s ]
INFO: [ app_begin ] --END-- [ RunTime:0.000000s ]
SQL: SHOW COLUMNS FROM `km_user` [ RunTime:0.0050s ]
SQL: SELECT * FROM `km_user` WHERE ( Username='123' and PassWord='202cb962ac59075b964b07152d234b70' ) LIMIT 1   [ RunTime:0.0020s ]
INFO: [ app_end ] --START--
INFO: Run Behavior\ShowPageTraceBehavior [ RunTime:0.000000s ]
INFO: [ app_end ] --END-- [ RunTime:0.000000s ]

[ 2016-08-01T15:31:00+08:00 ] 127.0.0.1 /pushServer/index.php/Home/Index/info
INFO: [ app_init ] --START--
INFO: Run Behavior\BuildLiteBehavior [ RunTime:0.000000s ]
INFO: [ app_init ] --END-- [ RunTime:0.000000s ]
INFO: [ app_begin ] --START--
INFO: Run Behavior\ReadHtmlCacheBehavior [ RunTime:0.000000s ]
INFO: [ app_begin ] --END-- [ RunTime:0.000000s ]
INFO: [ view_parse ] --START--
INFO: [ template_filter ] --START--
INFO: Run Behavior\ContentReplaceBehavior [ RunTime:0.000000s ]
INFO: [ template_filter ] --END-- [ RunTime:0.000000s ]
INFO: Run Behavior\ParseTemplateBehavior [ RunTime:0.005000s ]
INFO: [ view_parse ] --END-- [ RunTime:0.005000s ]
INFO: [ view_filter ] --START--
INFO: Run Behavior\WriteHtmlCacheBehavior [ RunTime:0.000000s ]
INFO: [ view_filter ] --END-- [ RunTime:0.000000s ]
INFO: [ app_end ] --START--
INFO: Run Behavior\ShowPageTraceBehavior [ RunTime:0.001000s ]
INFO: [ app_end ] --END-- [ RunTime:0.001000s ]

[ 2016-08-01T15:31:01+08:00 ] 127.0.0.1 /pushServer/index.php/Home/GetInfo/getALLPushNum
INFO: [ app_init ] --START--
INFO: Run Behavior\BuildLiteBehavior [ RunTime:0.000000s ]
INFO: [ app_init ] --END-- [ RunTime:0.000000s ]
INFO: [ app_begin ] --START--
INFO: Run Behavior\ReadHtmlCacheBehavior [ RunTime:0.000000s ]
INFO: [ app_begin ] --END-- [ RunTime:0.000000s ]
SQL: SHOW COLUMNS FROM `km_push_mo` [ RunTime:0.0050s ]
SQL: SELECT * FROM `km_push_mo` WHERE ( ''<= date AND flat = 'JAVA' )  [ RunTime:0.0010s ]
SQL: SELECT * FROM `km_push_mo` WHERE ( ''<= date AND flat = 'kmbackground' )  [ RunTime:0.0010s ]
SQL: SELECT * FROM `km_push_mo` WHERE ( ''<= date AND flat = 'kmgate' )  [ RunTime:0.0020s ]
SQL: SELECT * FROM `km_push_mo` WHERE ( ''<= date AND flat = 'kmhttpapi' )  [ RunTime:0.0010s ]
SQL: SELECT * FROM `km_push_mo` WHERE ( ''<= date AND flat = 'kmcompany' )  [ RunTime:0.0020s ]
SQL: SELECT * FROM `km_push_mo` WHERE ( ''<= date AND flat = 'Mozilla' )  [ RunTime:0.0010s ]
SQL: SHOW COLUMNS FROM `km_push_num` [ RunTime:0.0040s ]
SQL: SELECT * FROM `km_push_num` WHERE ( ''<=date )  [ RunTime:0.0010s ]
INFO: [ app_end ] --START--
INFO: Run Behavior\ShowPageTraceBehavior [ RunTime:0.001000s ]
INFO: [ app_end ] --END-- [ RunTime:0.001000s ]

[ 2016-08-01T15:31:02+08:00 ] 127.0.0.1 /pushServer/index.php/Home/GetInfo/getHotPoin
INFO: [ app_init ] --START--
INFO: Run Behavior\BuildLiteBehavior [ RunTime:0.000000s ]
INFO: [ app_init ] --END-- [ RunTime:0.000000s ]
INFO: [ app_begin ] --START--
INFO: Run Behavior\ReadHtmlCacheBehavior [ RunTime:0.000000s ]
INFO: [ app_begin ] --END-- [ RunTime:0.000000s ]
SQL: SHOW COLUMNS FROM `km_hot_poin` [ RunTime:0.0040s ]
SQL: select city,sum(hotNum) as hotNum from (SELECT city,sum(hotNum) as hotNum,date FROM km_hot_poin group by city,date) a where date>='' group by city [ RunTime:0.0030s ]
INFO: [ app_end ] --START--
INFO: Run Behavior\ShowPageTraceBehavior [ RunTime:0.000000s ]
INFO: [ app_end ] --END-- [ RunTime:0.000000s ]

[ 2016-08-01T15:31:02+08:00 ] 127.0.0.1 /pushServer/index.php/Home/GetInfo/getPushTime
INFO: [ app_init ] --START--
INFO: Run Behavior\BuildLiteBehavior [ RunTime:0.000000s ]
INFO: [ app_init ] --END-- [ RunTime:0.000000s ]
INFO: [ app_begin ] --START--
INFO: Run Behavior\ReadHtmlCacheBehavior [ RunTime:0.000000s ]
INFO: [ app_begin ] --END-- [ RunTime:0.000000s ]
SQL: SHOW COLUMNS FROM `km_push_time` [ RunTime:0.0040s ]
SQL: SELECT sum(from0to1) as a,sum(from1to5) as b,sum(from5to10) as c,sum(from10to30) as d,sum(from30to60) as e,sum(than60) as f,sum(noanswer) as g FROM `km_push_time` WHERE ( ''<=date )  [ RunTime:0.0010s ]
INFO: [ app_end ] --START--
INFO: Run Behavior\ShowPageTraceBehavior [ RunTime:0.000000s ]
INFO: [ app_end ] --END-- [ RunTime:0.000000s ]

[ 2016-08-01T15:31:02+08:00 ] 127.0.0.1 /pushServer/index.php/Home/GetInfo/getPushMo
INFO: [ app_init ] --START--
INFO: Run Behavior\BuildLiteBehavior [ RunTime:0.000000s ]
INFO: [ app_init ] --END-- [ RunTime:0.000000s ]
INFO: [ app_begin ] --START--
INFO: Run Behavior\ReadHtmlCacheBehavior [ RunTime:0.001000s ]
INFO: [ app_begin ] --END-- [ RunTime:0.001000s ]
SQL: SHOW COLUMNS FROM `km_push_mo` [ RunTime:0.0040s ]
SQL: SELECT `flat`,sum(pushnum) as num FROM `km_push_mo` WHERE ( ''<=date ) GROUP BY flat  [ RunTime:0.0010s ]
INFO: [ app_end ] --START--
INFO: Run Behavior\ShowPageTraceBehavior [ RunTime:0.000000s ]
INFO: [ app_end ] --END-- [ RunTime:0.001000s ]

[ 2016-08-01T15:31:02+08:00 ] 127.0.0.1 /pushServer/index.php/Home/GetInfo/getTableInfo
INFO: [ app_init ] --START--
INFO: Run Behavior\BuildLiteBehavior [ RunTime:0.000000s ]
INFO: [ app_init ] --END-- [ RunTime:0.000000s ]
INFO: [ app_begin ] --START--
INFO: Run Behavior\ReadHtmlCacheBehavior [ RunTime:0.000000s ]
INFO: [ app_begin ] --END-- [ RunTime:0.000000s ]
SQL: SHOW COLUMNS FROM `km_all_info` [ RunTime:0.0050s ]
SQL: SELECT * FROM `km_all_info` WHERE ( ''<=pushTime ) LIMIT 100   [ RunTime:0.0030s ]
INFO: [ app_end ] --START--
INFO: Run Behavior\ShowPageTraceBehavior [ RunTime:0.000000s ]
INFO: [ app_end ] --END-- [ RunTime:0.000000s ]

[ 2016-08-01T15:31:06+08:00 ] 127.0.0.1 /pushServer/index.php/Home/CompanyInfo/getInfo?companyid=00116
INFO: [ app_init ] --START--
INFO: Run Behavior\BuildLiteBehavior [ RunTime:0.000000s ]
INFO: [ app_init ] --END-- [ RunTime:0.001000s ]
INFO: [ app_begin ] --START--
INFO: Run Behavior\ReadHtmlCacheBehavior [ RunTime:0.001000s ]
INFO: [ app_begin ] --END-- [ RunTime:0.001000s ]
SQL: SHOW COLUMNS FROM `km_tbl_mqlog` [ RunTime:0.0050s ]
SQL: SELECT companycode,convert(CreateTime,date) as date,max(TIMESTAMPDIFF(SECOND,CreateTime,ReceiveTime)) as max,min(TIMESTAMPDIFF(SECOND,CreateTime,ReceiveTime)) as min,avg(TIMESTAMPDIFF(SECOND,CreateTime,ReceiveTime)) as avg FROM kmgate.km_tbl_mqlog where companycode='00116' group by convert(CreateTime,date); [ RunTime:0.0010s ]
INFO: [ view_parse ] --START--
INFO: [ template_filter ] --START--
INFO: Run Behavior\ContentReplaceBehavior [ RunTime:0.000000s ]
INFO: [ template_filter ] --END-- [ RunTime:0.000000s ]
INFO: Run Behavior\ParseTemplateBehavior [ RunTime:0.008001s ]
INFO: [ view_parse ] --END-- [ RunTime:0.008001s ]
INFO: [ view_filter ] --START--
INFO: Run Behavior\WriteHtmlCacheBehavior [ RunTime:0.000000s ]
INFO: [ view_filter ] --END-- [ RunTime:0.000000s ]
INFO: [ app_end ] --START--
INFO: Run Behavior\ShowPageTraceBehavior [ RunTime:0.000000s ]
INFO: [ app_end ] --END-- [ RunTime:0.000000s ]

[ 2016-08-01T15:32:16+08:00 ] ::1 /pushServer/index.php/Home/CompanyInfo/getInfo?companyid=00116
INFO: [ app_init ] --START--
INFO: Run Behavior\BuildLiteBehavior [ RunTime:0.000000s ]
INFO: [ app_init ] --END-- [ RunTime:0.000000s ]
INFO: [ app_begin ] --START--
INFO: Run Behavior\ReadHtmlCacheBehavior [ RunTime:0.000000s ]
INFO: [ app_begin ] --END-- [ RunTime:0.000000s ]
SQL: SHOW COLUMNS FROM `km_tbl_mqlog` [ RunTime:0.0050s ]
SQL: SELECT companycode,convert(CreateTime,date) as date,max(TIMESTAMPDIFF(SECOND,CreateTime,ReceiveTime)) as max,min(TIMESTAMPDIFF(SECOND,CreateTime,ReceiveTime)) as min,avg(TIMESTAMPDIFF(SECOND,CreateTime,ReceiveTime)) as avg FROM kmgate.km_tbl_mqlog where companycode='00116' group by convert(CreateTime,date); [ RunTime:0.0020s ]
INFO: [ view_parse ] --START--
INFO: [ template_filter ] --START--
INFO: Run Behavior\ContentReplaceBehavior [ RunTime:0.000000s ]
INFO: [ template_filter ] --END-- [ RunTime:0.000000s ]
INFO: Run Behavior\ParseTemplateBehavior [ RunTime:0.004000s ]
INFO: [ view_parse ] --END-- [ RunTime:0.004000s ]
INFO: [ view_filter ] --START--
INFO: Run Behavior\WriteHtmlCacheBehavior [ RunTime:0.000000s ]
INFO: [ view_filter ] --END-- [ RunTime:0.000000s ]
INFO: [ app_end ] --START--
INFO: Run Behavior\ShowPageTraceBehavior [ RunTime:0.000000s ]
INFO: [ app_end ] --END-- [ RunTime:0.000000s ]

